2024-09-22T00:47:49.318+02:00  INFO 12100 --- [VerveSampleProject] [main] c.v.V.VerveSampleProjectApplication      : Starting VerveSampleProjectApplication using Java 22.0.2 with PID 12100 (/Users/affansheikh/Downloads/VerveSampleProject/target/classes started by affansheikh in /Users/affansheikh/Downloads/VerveSampleProject)
2024-09-22T00:47:49.319+02:00  INFO 12100 --- [VerveSampleProject] [main] c.v.V.VerveSampleProjectApplication      : No active profile set, falling back to 1 default profile: "default"
2024-09-22T00:47:49.707+02:00  INFO 12100 --- [VerveSampleProject] [main] o.s.b.w.embedded.tomcat.TomcatWebServer  : Tomcat initialized with port 8080 (http)
2024-09-22T00:47:49.713+02:00  INFO 12100 --- [VerveSampleProject] [main] o.apache.catalina.core.StandardService   : Starting service [Tomcat]
2024-09-22T00:47:49.713+02:00  INFO 12100 --- [VerveSampleProject] [main] o.apache.catalina.core.StandardEngine    : Starting Servlet engine: [Apache Tomcat/10.1.30]
2024-09-22T00:47:49.733+02:00  INFO 12100 --- [VerveSampleProject] [main] o.a.c.c.C.[Tomcat].[localhost].[/]       : Initializing Spring embedded WebApplicationContext
2024-09-22T00:47:49.733+02:00  INFO 12100 --- [VerveSampleProject] [main] w.s.c.ServletWebServerApplicationContext : Root WebApplicationContext: initialization completed in 394 ms
2024-09-22T00:47:49.869+02:00  INFO 12100 --- [VerveSampleProject] [main] org.quartz.impl.StdSchedulerFactory      : Using default implementation for ThreadExecutor
2024-09-22T00:47:49.874+02:00  INFO 12100 --- [VerveSampleProject] [main] org.quartz.core.SchedulerSignalerImpl    : Initialized Scheduler Signaller of type: class org.quartz.core.SchedulerSignalerImpl
2024-09-22T00:47:49.874+02:00  INFO 12100 --- [VerveSampleProject] [main] org.quartz.core.QuartzScheduler          : Quartz Scheduler v.2.3.2 created.
2024-09-22T00:47:49.874+02:00  INFO 12100 --- [VerveSampleProject] [main] org.quartz.simpl.RAMJobStore             : RAMJobStore initialized.
2024-09-22T00:47:49.874+02:00  INFO 12100 --- [VerveSampleProject] [main] org.quartz.core.QuartzScheduler          : Scheduler meta-data: Quartz Scheduler (v2.3.2) 'quartzScheduler' with instanceId 'NON_CLUSTERED'
  Scheduler class: 'org.quartz.core.QuartzScheduler' - running locally.
  NOT STARTED.
  Currently in standby mode.
  Number of jobs executed: 0
  Using thread pool 'org.quartz.simpl.SimpleThreadPool' - with 10 threads.
  Using job-store 'org.quartz.simpl.RAMJobStore' - which does not support persistence. and is not clustered.

2024-09-22T00:47:49.874+02:00  INFO 12100 --- [VerveSampleProject] [main] org.quartz.impl.StdSchedulerFactory      : Quartz scheduler 'quartzScheduler' initialized from an externally provided properties instance.
2024-09-22T00:47:49.874+02:00  INFO 12100 --- [VerveSampleProject] [main] org.quartz.impl.StdSchedulerFactory      : Quartz scheduler version: 2.3.2
2024-09-22T00:47:49.874+02:00  INFO 12100 --- [VerveSampleProject] [main] org.quartz.core.QuartzScheduler          : JobFactory set to: org.springframework.scheduling.quartz.SpringBeanJobFactory@443faa85
2024-09-22T00:47:49.894+02:00  INFO 12100 --- [VerveSampleProject] [main] o.s.b.w.embedded.tomcat.TomcatWebServer  : Tomcat started on port 8080 (http) with context path '/'
2024-09-22T00:47:49.894+02:00  INFO 12100 --- [VerveSampleProject] [main] o.s.s.quartz.SchedulerFactoryBean        : Starting Quartz Scheduler now
2024-09-22T00:47:49.894+02:00  INFO 12100 --- [VerveSampleProject] [main] org.quartz.core.QuartzScheduler          : Scheduler quartzScheduler_$_NON_CLUSTERED started.
2024-09-22T00:47:49.899+02:00  INFO 12100 --- [VerveSampleProject] [main] c.v.V.VerveSampleProjectApplication      : Started VerveSampleProjectApplication in 0.794 seconds (process running for 0.948)
2024-09-22T00:47:49.900+02:00  INFO 12100 --- [VerveSampleProject] [scheduling-1] c.v.V.a.c.VerveSampleProjectController   : The number of unique requests in past minute is 0
2024-09-22T00:48:49.903+02:00  INFO 12100 --- [VerveSampleProject] [scheduling-1] c.v.V.a.c.VerveSampleProjectController   : The number of unique requests in past minute is 0
2024-09-22T00:49:49.900+02:00  INFO 12100 --- [VerveSampleProject] [scheduling-1] c.v.V.a.c.VerveSampleProjectController   : The number of unique requests in past minute is 0
2024-09-22T00:50:49.903+02:00  INFO 12100 --- [VerveSampleProject] [scheduling-1] c.v.V.a.c.VerveSampleProjectController   : The number of unique requests in past minute is 0
2024-09-22T00:51:49.901+02:00  INFO 12100 --- [VerveSampleProject] [scheduling-1] c.v.V.a.c.VerveSampleProjectController   : The number of unique requests in past minute is 0
2024-09-22T00:52:49.904+02:00  INFO 12100 --- [VerveSampleProject] [scheduling-1] c.v.V.a.c.VerveSampleProjectController   : The number of unique requests in past minute is 0
2024-09-22T00:53:49.902+02:00  INFO 12100 --- [VerveSampleProject] [scheduling-1] c.v.V.a.c.VerveSampleProjectController   : The number of unique requests in past minute is 0
2024-09-22T00:54:49.903+02:00  INFO 12100 --- [VerveSampleProject] [scheduling-1] c.v.V.a.c.VerveSampleProjectController   : The number of unique requests in past minute is 0
2024-09-22T00:55:49.904+02:00  INFO 12100 --- [VerveSampleProject] [scheduling-1] c.v.V.a.c.VerveSampleProjectController   : The number of unique requests in past minute is 0
2024-09-22T00:56:49.904+02:00  INFO 12100 --- [VerveSampleProject] [scheduling-1] c.v.V.a.c.VerveSampleProjectController   : The number of unique requests in past minute is 0
2024-09-22T00:57:49.904+02:00  INFO 12100 --- [VerveSampleProject] [scheduling-1] c.v.V.a.c.VerveSampleProjectController   : The number of unique requests in past minute is 0
2024-09-22T00:58:49.904+02:00  INFO 12100 --- [VerveSampleProject] [scheduling-1] c.v.V.a.c.VerveSampleProjectController   : The number of unique requests in past minute is 0
2024-09-22T00:59:49.905+02:00  INFO 12100 --- [VerveSampleProject] [scheduling-1] c.v.V.a.c.VerveSampleProjectController   : The number of unique requests in past minute is 0
2024-09-22T01:00:49.904+02:00  INFO 12100 --- [VerveSampleProject] [scheduling-1] c.v.V.a.c.VerveSampleProjectController   : The number of unique requests in past minute is 0
2024-09-22T01:01:49.903+02:00  INFO 12100 --- [VerveSampleProject] [scheduling-1] c.v.V.a.c.VerveSampleProjectController   : The number of unique requests in past minute is 0
2024-09-22T01:02:49.904+02:00  INFO 12100 --- [VerveSampleProject] [scheduling-1] c.v.V.a.c.VerveSampleProjectController   : The number of unique requests in past minute is 0
2024-09-22T01:03:49.905+02:00  INFO 12100 --- [VerveSampleProject] [scheduling-1] c.v.V.a.c.VerveSampleProjectController   : The number of unique requests in past minute is 0
2024-09-22T01:04:49.903+02:00  INFO 12100 --- [VerveSampleProject] [scheduling-1] c.v.V.a.c.VerveSampleProjectController   : The number of unique requests in past minute is 0
2024-09-22T01:05:49.902+02:00  INFO 12100 --- [VerveSampleProject] [scheduling-1] c.v.V.a.c.VerveSampleProjectController   : The number of unique requests in past minute is 0
2024-09-22T01:06:49.904+02:00  INFO 12100 --- [VerveSampleProject] [scheduling-1] c.v.V.a.c.VerveSampleProjectController   : The number of unique requests in past minute is 0
2024-09-22T01:07:49.903+02:00  INFO 12100 --- [VerveSampleProject] [scheduling-1] c.v.V.a.c.VerveSampleProjectController   : The number of unique requests in past minute is 0
2024-09-22T01:08:49.903+02:00  INFO 12100 --- [VerveSampleProject] [scheduling-1] c.v.V.a.c.VerveSampleProjectController   : The number of unique requests in past minute is 0
2024-09-22T01:09:49.902+02:00  INFO 12100 --- [VerveSampleProject] [scheduling-1] c.v.V.a.c.VerveSampleProjectController   : The number of unique requests in past minute is 0
2024-09-22T01:10:49.906+02:00  INFO 12100 --- [VerveSampleProject] [scheduling-1] c.v.V.a.c.VerveSampleProjectController   : The number of unique requests in past minute is 0
2024-09-22T01:11:49.905+02:00  INFO 12100 --- [VerveSampleProject] [scheduling-1] c.v.V.a.c.VerveSampleProjectController   : The number of unique requests in past minute is 0
2024-09-22T01:12:49.904+02:00  INFO 12100 --- [VerveSampleProject] [scheduling-1] c.v.V.a.c.VerveSampleProjectController   : The number of unique requests in past minute is 0
2024-09-22T01:13:49.904+02:00  INFO 12100 --- [VerveSampleProject] [scheduling-1] c.v.V.a.c.VerveSampleProjectController   : The number of unique requests in past minute is 0
2024-09-22T01:14:49.905+02:00  INFO 12100 --- [VerveSampleProject] [scheduling-1] c.v.V.a.c.VerveSampleProjectController   : The number of unique requests in past minute is 0
2024-09-22T01:15:49.886+02:00  INFO 12100 --- [VerveSampleProject] [scheduling-1] c.v.V.a.c.VerveSampleProjectController   : The number of unique requests in past minute is 0
2024-09-22T01:16:49.879+02:00  INFO 12100 --- [VerveSampleProject] [scheduling-1] c.v.V.a.c.VerveSampleProjectController   : The number of unique requests in past minute is 0
2024-09-22T01:17:49.875+02:00  INFO 12100 --- [VerveSampleProject] [scheduling-1] c.v.V.a.c.VerveSampleProjectController   : The number of unique requests in past minute is 0
2024-09-22T01:18:49.879+02:00  INFO 12100 --- [VerveSampleProject] [scheduling-1] c.v.V.a.c.VerveSampleProjectController   : The number of unique requests in past minute is 0
2024-09-22T01:19:49.880+02:00  INFO 12100 --- [VerveSampleProject] [scheduling-1] c.v.V.a.c.VerveSampleProjectController   : The number of unique requests in past minute is 0
2024-09-22T01:20:49.878+02:00  INFO 12100 --- [VerveSampleProject] [scheduling-1] c.v.V.a.c.VerveSampleProjectController   : The number of unique requests in past minute is 0
2024-09-22T01:21:49.878+02:00  INFO 12100 --- [VerveSampleProject] [scheduling-1] c.v.V.a.c.VerveSampleProjectController   : The number of unique requests in past minute is 0
2024-09-22T01:22:49.875+02:00  INFO 12100 --- [VerveSampleProject] [scheduling-1] c.v.V.a.c.VerveSampleProjectController   : The number of unique requests in past minute is 0
2024-09-22T01:23:49.877+02:00  INFO 12100 --- [VerveSampleProject] [scheduling-1] c.v.V.a.c.VerveSampleProjectController   : The number of unique requests in past minute is 0
2024-09-22T01:24:49.874+02:00  INFO 12100 --- [VerveSampleProject] [scheduling-1] c.v.V.a.c.VerveSampleProjectController   : The number of unique requests in past minute is 0
2024-09-22T01:25:49.876+02:00  INFO 12100 --- [VerveSampleProject] [scheduling-1] c.v.V.a.c.VerveSampleProjectController   : The number of unique requests in past minute is 0
2024-09-22T01:26:49.876+02:00  INFO 12100 --- [VerveSampleProject] [scheduling-1] c.v.V.a.c.VerveSampleProjectController   : The number of unique requests in past minute is 0
2024-09-22T01:27:49.881+02:00  INFO 12100 --- [VerveSampleProject] [scheduling-1] c.v.V.a.c.VerveSampleProjectController   : The number of unique requests in past minute is 0
2024-09-22T01:28:49.871+02:00  INFO 12100 --- [VerveSampleProject] [scheduling-1] c.v.V.a.c.VerveSampleProjectController   : The number of unique requests in past minute is 0
2024-09-22T01:29:49.873+02:00  INFO 12100 --- [VerveSampleProject] [scheduling-1] c.v.V.a.c.VerveSampleProjectController   : The number of unique requests in past minute is 0
2024-09-22T01:30:49.875+02:00  INFO 12100 --- [VerveSampleProject] [scheduling-1] c.v.V.a.c.VerveSampleProjectController   : The number of unique requests in past minute is 0
2024-09-22T01:31:49.877+02:00  INFO 12100 --- [VerveSampleProject] [scheduling-1] c.v.V.a.c.VerveSampleProjectController   : The number of unique requests in past minute is 0
2024-09-22T01:32:49.876+02:00  INFO 12100 --- [VerveSampleProject] [scheduling-1] c.v.V.a.c.VerveSampleProjectController   : The number of unique requests in past minute is 0
2024-09-22T01:33:49.875+02:00  INFO 12100 --- [VerveSampleProject] [scheduling-1] c.v.V.a.c.VerveSampleProjectController   : The number of unique requests in past minute is 0
2024-09-22T01:34:49.875+02:00  INFO 12100 --- [VerveSampleProject] [scheduling-1] c.v.V.a.c.VerveSampleProjectController   : The number of unique requests in past minute is 0
2024-09-22T01:35:49.877+02:00  INFO 12100 --- [VerveSampleProject] [scheduling-1] c.v.V.a.c.VerveSampleProjectController   : The number of unique requests in past minute is 0
2024-09-22T01:36:49.876+02:00  INFO 12100 --- [VerveSampleProject] [scheduling-1] c.v.V.a.c.VerveSampleProjectController   : The number of unique requests in past minute is 0
2024-09-22T01:37:49.875+02:00  INFO 12100 --- [VerveSampleProject] [scheduling-1] c.v.V.a.c.VerveSampleProjectController   : The number of unique requests in past minute is 0
2024-09-22T01:38:49.875+02:00  INFO 12100 --- [VerveSampleProject] [scheduling-1] c.v.V.a.c.VerveSampleProjectController   : The number of unique requests in past minute is 0
2024-09-22T01:39:49.875+02:00  INFO 12100 --- [VerveSampleProject] [scheduling-1] c.v.V.a.c.VerveSampleProjectController   : The number of unique requests in past minute is 0
2024-09-22T01:40:49.874+02:00  INFO 12100 --- [VerveSampleProject] [scheduling-1] c.v.V.a.c.VerveSampleProjectController   : The number of unique requests in past minute is 0
2024-09-22T01:41:49.876+02:00  INFO 12100 --- [VerveSampleProject] [scheduling-1] c.v.V.a.c.VerveSampleProjectController   : The number of unique requests in past minute is 0
2024-09-22T01:42:49.874+02:00  INFO 12100 --- [VerveSampleProject] [scheduling-1] c.v.V.a.c.VerveSampleProjectController   : The number of unique requests in past minute is 0
2024-09-22T01:43:49.870+02:00  INFO 12100 --- [VerveSampleProject] [scheduling-1] c.v.V.a.c.VerveSampleProjectController   : The number of unique requests in past minute is 0
2024-09-22T01:44:49.876+02:00  INFO 12100 --- [VerveSampleProject] [scheduling-1] c.v.V.a.c.VerveSampleProjectController   : The number of unique requests in past minute is 0
2024-09-22T01:45:49.869+02:00  INFO 12100 --- [VerveSampleProject] [scheduling-1] c.v.V.a.c.VerveSampleProjectController   : The number of unique requests in past minute is 0
2024-09-22T01:46:49.870+02:00  INFO 12100 --- [VerveSampleProject] [scheduling-1] c.v.V.a.c.VerveSampleProjectController   : The number of unique requests in past minute is 0
2024-09-22T01:47:49.872+02:00  INFO 12100 --- [VerveSampleProject] [scheduling-1] c.v.V.a.c.VerveSampleProjectController   : The number of unique requests in past minute is 0
2024-09-22T01:48:49.866+02:00  INFO 12100 --- [VerveSampleProject] [scheduling-1] c.v.V.a.c.VerveSampleProjectController   : The number of unique requests in past minute is 0
2024-09-22T01:49:49.870+02:00  INFO 12100 --- [VerveSampleProject] [scheduling-1] c.v.V.a.c.VerveSampleProjectController   : The number of unique requests in past minute is 0
2024-09-22T01:50:49.873+02:00  INFO 12100 --- [VerveSampleProject] [scheduling-1] c.v.V.a.c.VerveSampleProjectController   : The number of unique requests in past minute is 0
2024-09-22T01:51:49.874+02:00  INFO 12100 --- [VerveSampleProject] [scheduling-1] c.v.V.a.c.VerveSampleProjectController   : The number of unique requests in past minute is 0
2024-09-22T01:52:49.872+02:00  INFO 12100 --- [VerveSampleProject] [scheduling-1] c.v.V.a.c.VerveSampleProjectController   : The number of unique requests in past minute is 0
2024-09-22T01:53:49.870+02:00  INFO 12100 --- [VerveSampleProject] [scheduling-1] c.v.V.a.c.VerveSampleProjectController   : The number of unique requests in past minute is 0
2024-09-22T01:54:49.869+02:00  INFO 12100 --- [VerveSampleProject] [scheduling-1] c.v.V.a.c.VerveSampleProjectController   : The number of unique requests in past minute is 0
2024-09-22T01:55:49.868+02:00  INFO 12100 --- [VerveSampleProject] [scheduling-1] c.v.V.a.c.VerveSampleProjectController   : The number of unique requests in past minute is 0
2024-09-22T01:56:49.868+02:00  INFO 12100 --- [VerveSampleProject] [scheduling-1] c.v.V.a.c.VerveSampleProjectController   : The number of unique requests in past minute is 0
2024-09-22T01:57:49.867+02:00  INFO 12100 --- [VerveSampleProject] [scheduling-1] c.v.V.a.c.VerveSampleProjectController   : The number of unique requests in past minute is 0
2024-09-22T01:58:49.864+02:00  INFO 12100 --- [VerveSampleProject] [scheduling-1] c.v.V.a.c.VerveSampleProjectController   : The number of unique requests in past minute is 0
2024-09-22T01:59:49.868+02:00  INFO 12100 --- [VerveSampleProject] [scheduling-1] c.v.V.a.c.VerveSampleProjectController   : The number of unique requests in past minute is 0
2024-09-22T02:00:49.866+02:00  INFO 12100 --- [VerveSampleProject] [scheduling-1] c.v.V.a.c.VerveSampleProjectController   : The number of unique requests in past minute is 0
2024-09-22T02:01:49.866+02:00  INFO 12100 --- [VerveSampleProject] [scheduling-1] c.v.V.a.c.VerveSampleProjectController   : The number of unique requests in past minute is 0
2024-09-22T02:02:49.871+02:00  INFO 12100 --- [VerveSampleProject] [scheduling-1] c.v.V.a.c.VerveSampleProjectController   : The number of unique requests in past minute is 0
2024-09-22T02:03:49.871+02:00  INFO 12100 --- [VerveSampleProject] [scheduling-1] c.v.V.a.c.VerveSampleProjectController   : The number of unique requests in past minute is 0
2024-09-22T02:04:49.863+02:00  INFO 12100 --- [VerveSampleProject] [scheduling-1] c.v.V.a.c.VerveSampleProjectController   : The number of unique requests in past minute is 0
2024-09-22T02:05:49.864+02:00  INFO 12100 --- [VerveSampleProject] [scheduling-1] c.v.V.a.c.VerveSampleProjectController   : The number of unique requests in past minute is 0
2024-09-22T02:06:49.868+02:00  INFO 12100 --- [VerveSampleProject] [scheduling-1] c.v.V.a.c.VerveSampleProjectController   : The number of unique requests in past minute is 0
2024-09-22T02:07:49.868+02:00  INFO 12100 --- [VerveSampleProject] [scheduling-1] c.v.V.a.c.VerveSampleProjectController   : The number of unique requests in past minute is 0
2024-09-22T02:08:49.866+02:00  INFO 12100 --- [VerveSampleProject] [scheduling-1] c.v.V.a.c.VerveSampleProjectController   : The number of unique requests in past minute is 0
2024-09-22T02:09:49.860+02:00  INFO 12100 --- [VerveSampleProject] [scheduling-1] c.v.V.a.c.VerveSampleProjectController   : The number of unique requests in past minute is 0
2024-09-22T02:10:49.865+02:00  INFO 12100 --- [VerveSampleProject] [scheduling-1] c.v.V.a.c.VerveSampleProjectController   : The number of unique requests in past minute is 0
2024-09-22T02:11:49.859+02:00  INFO 12100 --- [VerveSampleProject] [scheduling-1] c.v.V.a.c.VerveSampleProjectController   : The number of unique requests in past minute is 0
2024-09-22T02:12:49.861+02:00  INFO 12100 --- [VerveSampleProject] [scheduling-1] c.v.V.a.c.VerveSampleProjectController   : The number of unique requests in past minute is 0
2024-09-22T02:13:49.863+02:00  INFO 12100 --- [VerveSampleProject] [scheduling-1] c.v.V.a.c.VerveSampleProjectController   : The number of unique requests in past minute is 0
2024-09-22T02:14:49.863+02:00  INFO 12100 --- [VerveSampleProject] [scheduling-1] c.v.V.a.c.VerveSampleProjectController   : The number of unique requests in past minute is 0
2024-09-22T02:15:49.881+02:00  INFO 12100 --- [VerveSampleProject] [scheduling-1] c.v.V.a.c.VerveSampleProjectController   : The number of unique requests in past minute is 0
2024-09-22T02:16:49.886+02:00  INFO 12100 --- [VerveSampleProject] [scheduling-1] c.v.V.a.c.VerveSampleProjectController   : The number of unique requests in past minute is 0
2024-09-22T02:17:49.885+02:00  INFO 12100 --- [VerveSampleProject] [scheduling-1] c.v.V.a.c.VerveSampleProjectController   : The number of unique requests in past minute is 0
2024-09-22T02:18:49.882+02:00  INFO 12100 --- [VerveSampleProject] [scheduling-1] c.v.V.a.c.VerveSampleProjectController   : The number of unique requests in past minute is 0
2024-09-22T02:19:49.889+02:00  INFO 12100 --- [VerveSampleProject] [scheduling-1] c.v.V.a.c.VerveSampleProjectController   : The number of unique requests in past minute is 0
2024-09-22T02:21:45.593+02:00  INFO 12100 --- [VerveSampleProject] [scheduling-1] c.v.V.a.c.VerveSampleProjectController   : The number of unique requests in past minute is 0
2024-09-22T02:23:53.128+02:00  INFO 12100 --- [VerveSampleProject] [scheduling-1] c.v.V.a.c.VerveSampleProjectController   : The number of unique requests in past minute is 0
2024-09-22T02:24:27.110+02:00  INFO 12100 --- [VerveSampleProject] [SpringApplicationShutdownHook] org.quartz.core.QuartzScheduler          : Scheduler quartzScheduler_$_NON_CLUSTERED paused.
2024-09-22T02:24:27.119+02:00  INFO 12100 --- [VerveSampleProject] [SpringApplicationShutdownHook] o.s.s.quartz.SchedulerFactoryBean        : Shutting down Quartz Scheduler
2024-09-22T02:24:27.119+02:00  INFO 12100 --- [VerveSampleProject] [SpringApplicationShutdownHook] org.quartz.core.QuartzScheduler          : Scheduler quartzScheduler_$_NON_CLUSTERED shutting down.
2024-09-22T02:24:27.119+02:00  INFO 12100 --- [VerveSampleProject] [SpringApplicationShutdownHook] org.quartz.core.QuartzScheduler          : Scheduler quartzScheduler_$_NON_CLUSTERED paused.
2024-09-22T02:24:27.119+02:00  INFO 12100 --- [VerveSampleProject] [SpringApplicationShutdownHook] org.quartz.core.QuartzScheduler          : Scheduler quartzScheduler_$_NON_CLUSTERED shutdown complete.
2024-09-22T03:41:05.391+02:00  INFO 12724 --- [VerveSampleProject] [main] c.v.V.VerveSampleProjectApplication      : Starting VerveSampleProjectApplication using Java 22.0.2 with PID 12724 (/Users/affansheikh/Downloads/VerveSampleProject/target/classes started by affansheikh in /Users/affansheikh/Downloads/VerveSampleProject)
2024-09-22T03:41:05.392+02:00  INFO 12724 --- [VerveSampleProject] [main] c.v.V.VerveSampleProjectApplication      : No active profile set, falling back to 1 default profile: "default"
2024-09-22T03:41:05.776+02:00  INFO 12724 --- [VerveSampleProject] [main] o.s.b.w.embedded.tomcat.TomcatWebServer  : Tomcat initialized with port 8080 (http)
2024-09-22T03:41:05.783+02:00  INFO 12724 --- [VerveSampleProject] [main] o.apache.catalina.core.StandardService   : Starting service [Tomcat]
2024-09-22T03:41:05.783+02:00  INFO 12724 --- [VerveSampleProject] [main] o.apache.catalina.core.StandardEngine    : Starting Servlet engine: [Apache Tomcat/10.1.30]
2024-09-22T03:41:05.803+02:00  INFO 12724 --- [VerveSampleProject] [main] o.a.c.c.C.[Tomcat].[localhost].[/]       : Initializing Spring embedded WebApplicationContext
2024-09-22T03:41:05.803+02:00  INFO 12724 --- [VerveSampleProject] [main] w.s.c.ServletWebServerApplicationContext : Root WebApplicationContext: initialization completed in 391 ms
2024-09-22T03:41:05.935+02:00  INFO 12724 --- [VerveSampleProject] [main] org.quartz.impl.StdSchedulerFactory      : Using default implementation for ThreadExecutor
2024-09-22T03:41:05.939+02:00  INFO 12724 --- [VerveSampleProject] [main] org.quartz.core.SchedulerSignalerImpl    : Initialized Scheduler Signaller of type: class org.quartz.core.SchedulerSignalerImpl
2024-09-22T03:41:05.940+02:00  INFO 12724 --- [VerveSampleProject] [main] org.quartz.core.QuartzScheduler          : Quartz Scheduler v.2.3.2 created.
2024-09-22T03:41:05.940+02:00  INFO 12724 --- [VerveSampleProject] [main] org.quartz.simpl.RAMJobStore             : RAMJobStore initialized.
2024-09-22T03:41:05.940+02:00  INFO 12724 --- [VerveSampleProject] [main] org.quartz.core.QuartzScheduler          : Scheduler meta-data: Quartz Scheduler (v2.3.2) 'quartzScheduler' with instanceId 'NON_CLUSTERED'
  Scheduler class: 'org.quartz.core.QuartzScheduler' - running locally.
  NOT STARTED.
  Currently in standby mode.
  Number of jobs executed: 0
  Using thread pool 'org.quartz.simpl.SimpleThreadPool' - with 10 threads.
  Using job-store 'org.quartz.simpl.RAMJobStore' - which does not support persistence. and is not clustered.

2024-09-22T03:41:05.940+02:00  INFO 12724 --- [VerveSampleProject] [main] org.quartz.impl.StdSchedulerFactory      : Quartz scheduler 'quartzScheduler' initialized from an externally provided properties instance.
2024-09-22T03:41:05.940+02:00  INFO 12724 --- [VerveSampleProject] [main] org.quartz.impl.StdSchedulerFactory      : Quartz scheduler version: 2.3.2
2024-09-22T03:41:05.940+02:00  INFO 12724 --- [VerveSampleProject] [main] org.quartz.core.QuartzScheduler          : JobFactory set to: org.springframework.scheduling.quartz.SpringBeanJobFactory@493ac8d3
2024-09-22T03:41:05.960+02:00  INFO 12724 --- [VerveSampleProject] [main] o.s.b.w.embedded.tomcat.TomcatWebServer  : Tomcat started on port 8080 (http) with context path '/'
2024-09-22T03:41:05.961+02:00  INFO 12724 --- [VerveSampleProject] [main] o.s.s.quartz.SchedulerFactoryBean        : Starting Quartz Scheduler now
2024-09-22T03:41:05.961+02:00  INFO 12724 --- [VerveSampleProject] [main] org.quartz.core.QuartzScheduler          : Scheduler quartzScheduler_$_NON_CLUSTERED started.
2024-09-22T03:41:05.966+02:00  INFO 12724 --- [VerveSampleProject] [main] c.v.V.VerveSampleProjectApplication      : Started VerveSampleProjectApplication in 0.783 seconds (process running for 0.935)
2024-09-22T03:41:05.967+02:00  INFO 12724 --- [VerveSampleProject] [scheduling-1] c.v.V.a.c.VerveSampleProjectController   : The number of unique requests in past minute is 0
2024-09-22T03:41:10.483+02:00  INFO 12724 --- [VerveSampleProject] [SpringApplicationShutdownHook] org.quartz.core.QuartzScheduler          : Scheduler quartzScheduler_$_NON_CLUSTERED paused.
2024-09-22T03:41:10.492+02:00  INFO 12724 --- [VerveSampleProject] [SpringApplicationShutdownHook] o.s.s.quartz.SchedulerFactoryBean        : Shutting down Quartz Scheduler
2024-09-22T03:41:10.492+02:00  INFO 12724 --- [VerveSampleProject] [SpringApplicationShutdownHook] org.quartz.core.QuartzScheduler          : Scheduler quartzScheduler_$_NON_CLUSTERED shutting down.
2024-09-22T03:41:10.492+02:00  INFO 12724 --- [VerveSampleProject] [SpringApplicationShutdownHook] org.quartz.core.QuartzScheduler          : Scheduler quartzScheduler_$_NON_CLUSTERED paused.
2024-09-22T03:41:10.493+02:00  INFO 12724 --- [VerveSampleProject] [SpringApplicationShutdownHook] org.quartz.core.QuartzScheduler          : Scheduler quartzScheduler_$_NON_CLUSTERED shutdown complete.
