2024-09-23T00:00:45.234+02:00  INFO 57135 --- [VerveSampleProject] [main] c.v.V.VerveSampleProjectApplication      : Starting VerveSampleProjectApplication using Java 22.0.2 with PID 57135 (/Users/affansheikh/Downloads/VerveSampleProject/target/classes started by affansheikh in /Users/affansheikh/Downloads/VerveSampleProject)
2024-09-23T00:00:45.239+02:00  INFO 57135 --- [VerveSampleProject] [main] c.v.V.VerveSampleProjectApplication      : No active profile set, falling back to 1 default profile: "default"
2024-09-23T00:00:45.499+02:00  INFO 57135 --- [VerveSampleProject] [main] .s.d.r.c.RepositoryConfigurationDelegate : Multiple Spring Data modules found, entering strict repository configuration mode
2024-09-23T00:00:45.500+02:00  INFO 57135 --- [VerveSampleProject] [main] .s.d.r.c.RepositoryConfigurationDelegate : Bootstrapping Spring Data Redis repositories in DEFAULT mode.
2024-09-23T00:00:45.511+02:00  INFO 57135 --- [VerveSampleProject] [main] .s.d.r.c.RepositoryConfigurationDelegate : Finished Spring Data repository scanning in 5 ms. Found 0 Redis repository interfaces.
2024-09-23T00:00:45.701+02:00  INFO 57135 --- [VerveSampleProject] [main] o.s.b.w.embedded.tomcat.TomcatWebServer  : Tomcat initialized with port 8080 (http)
2024-09-23T00:00:45.708+02:00  INFO 57135 --- [VerveSampleProject] [main] o.apache.catalina.core.StandardService   : Starting service [Tomcat]
2024-09-23T00:00:45.708+02:00  INFO 57135 --- [VerveSampleProject] [main] o.apache.catalina.core.StandardEngine    : Starting Servlet engine: [Apache Tomcat/10.1.30]
2024-09-23T00:00:45.731+02:00  INFO 57135 --- [VerveSampleProject] [main] o.a.c.c.C.[Tomcat].[localhost].[/]       : Initializing Spring embedded WebApplicationContext
2024-09-23T00:00:45.731+02:00  INFO 57135 --- [VerveSampleProject] [main] w.s.c.ServletWebServerApplicationContext : Root WebApplicationContext: initialization completed in 472 ms
2024-09-23T00:00:46.083+02:00  INFO 57135 --- [VerveSampleProject] [main] org.quartz.impl.StdSchedulerFactory      : Using default implementation for ThreadExecutor
2024-09-23T00:00:46.087+02:00  INFO 57135 --- [VerveSampleProject] [main] org.quartz.core.SchedulerSignalerImpl    : Initialized Scheduler Signaller of type: class org.quartz.core.SchedulerSignalerImpl
2024-09-23T00:00:46.087+02:00  INFO 57135 --- [VerveSampleProject] [main] org.quartz.core.QuartzScheduler          : Quartz Scheduler v.2.3.2 created.
2024-09-23T00:00:46.087+02:00  INFO 57135 --- [VerveSampleProject] [main] org.quartz.simpl.RAMJobStore             : RAMJobStore initialized.
2024-09-23T00:00:46.088+02:00  INFO 57135 --- [VerveSampleProject] [main] org.quartz.core.QuartzScheduler          : Scheduler meta-data: Quartz Scheduler (v2.3.2) 'quartzScheduler' with instanceId 'NON_CLUSTERED'
  Scheduler class: 'org.quartz.core.QuartzScheduler' - running locally.
  NOT STARTED.
  Currently in standby mode.
  Number of jobs executed: 0
  Using thread pool 'org.quartz.simpl.SimpleThreadPool' - with 10 threads.
  Using job-store 'org.quartz.simpl.RAMJobStore' - which does not support persistence. and is not clustered.

2024-09-23T00:00:46.088+02:00  INFO 57135 --- [VerveSampleProject] [main] org.quartz.impl.StdSchedulerFactory      : Quartz scheduler 'quartzScheduler' initialized from an externally provided properties instance.
2024-09-23T00:00:46.088+02:00  INFO 57135 --- [VerveSampleProject] [main] org.quartz.impl.StdSchedulerFactory      : Quartz scheduler version: 2.3.2
2024-09-23T00:00:46.088+02:00  INFO 57135 --- [VerveSampleProject] [main] org.quartz.core.QuartzScheduler          : JobFactory set to: org.springframework.scheduling.quartz.SpringBeanJobFactory@64fdcf99
2024-09-23T00:00:46.109+02:00  INFO 57135 --- [VerveSampleProject] [main] o.s.b.w.embedded.tomcat.TomcatWebServer  : Tomcat started on port 8080 (http) with context path '/'
2024-09-23T00:00:46.110+02:00  INFO 57135 --- [VerveSampleProject] [main] o.s.s.quartz.SchedulerFactoryBean        : Starting Quartz Scheduler now
2024-09-23T00:00:46.110+02:00  INFO 57135 --- [VerveSampleProject] [main] org.quartz.core.QuartzScheduler          : Scheduler quartzScheduler_$_NON_CLUSTERED started.
2024-09-23T00:00:46.115+02:00  INFO 57135 --- [VerveSampleProject] [main] c.v.V.VerveSampleProjectApplication      : Started VerveSampleProjectApplication in 1.081 seconds (process running for 1.237)
2024-09-23T00:00:46.115+02:00  INFO 57135 --- [VerveSampleProject] [scheduling-1] c.v.V.a.c.VerveSampleProjectController   : The number of unique requests in past minute is 0
2024-09-23T00:00:46.127+02:00  INFO 57135 --- [VerveSampleProject] [scheduling-1] o.a.k.clients.producer.ProducerConfig    : ProducerConfig values: 
	acks = -1
	auto.include.jmx.reporter = true
	batch.size = 16384
	bootstrap.servers = [localhost:9092]
	buffer.memory = 33554432
	client.dns.lookup = use_all_dns_ips
	client.id = VerveSampleProject-producer-1
	compression.type = none
	connections.max.idle.ms = 540000
	delivery.timeout.ms = 120000
	enable.idempotence = true
	enable.metrics.push = true
	interceptor.classes = []
	key.serializer = class org.apache.kafka.common.serialization.StringSerializer
	linger.ms = 0
	max.block.ms = 60000
	max.in.flight.requests.per.connection = 5
	max.request.size = 1048576
	metadata.max.age.ms = 300000
	metadata.max.idle.ms = 300000
	metric.reporters = []
	metrics.num.samples = 2
	metrics.recording.level = INFO
	metrics.sample.window.ms = 30000
	partitioner.adaptive.partitioning.enable = true
	partitioner.availability.timeout.ms = 0
	partitioner.class = null
	partitioner.ignore.keys = false
	receive.buffer.bytes = 32768
	reconnect.backoff.max.ms = 1000
	reconnect.backoff.ms = 50
	request.timeout.ms = 30000
	retries = 2147483647
	retry.backoff.max.ms = 1000
	retry.backoff.ms = 100
	sasl.client.callback.handler.class = null
	sasl.jaas.config = null
	sasl.kerberos.kinit.cmd = /usr/bin/kinit
	sasl.kerberos.min.time.before.relogin = 60000
	sasl.kerberos.service.name = null
	sasl.kerberos.ticket.renew.jitter = 0.05
	sasl.kerberos.ticket.renew.window.factor = 0.8
	sasl.login.callback.handler.class = null
	sasl.login.class = null
	sasl.login.connect.timeout.ms = null
	sasl.login.read.timeout.ms = null
	sasl.login.refresh.buffer.seconds = 300
	sasl.login.refresh.min.period.seconds = 60
	sasl.login.refresh.window.factor = 0.8
	sasl.login.refresh.window.jitter = 0.05
	sasl.login.retry.backoff.max.ms = 10000
	sasl.login.retry.backoff.ms = 100
	sasl.mechanism = GSSAPI
	sasl.oauthbearer.clock.skew.seconds = 30
	sasl.oauthbearer.expected.audience = null
	sasl.oauthbearer.expected.issuer = null
	sasl.oauthbearer.jwks.endpoint.refresh.ms = 3600000
	sasl.oauthbearer.jwks.endpoint.retry.backoff.max.ms = 10000
	sasl.oauthbearer.jwks.endpoint.retry.backoff.ms = 100
	sasl.oauthbearer.jwks.endpoint.url = null
	sasl.oauthbearer.scope.claim.name = scope
	sasl.oauthbearer.sub.claim.name = sub
	sasl.oauthbearer.token.endpoint.url = null
	security.protocol = PLAINTEXT
	security.providers = null
	send.buffer.bytes = 131072
	socket.connection.setup.timeout.max.ms = 30000
	socket.connection.setup.timeout.ms = 10000
	ssl.cipher.suites = null
	ssl.enabled.protocols = [TLSv1.2, TLSv1.3]
	ssl.endpoint.identification.algorithm = https
	ssl.engine.factory.class = null
	ssl.key.password = null
	ssl.keymanager.algorithm = SunX509
	ssl.keystore.certificate.chain = null
	ssl.keystore.key = null
	ssl.keystore.location = null
	ssl.keystore.password = null
	ssl.keystore.type = JKS
	ssl.protocol = TLSv1.3
	ssl.provider = null
	ssl.secure.random.implementation = null
	ssl.trustmanager.algorithm = PKIX
	ssl.truststore.certificates = null
	ssl.truststore.location = null
	ssl.truststore.password = null
	ssl.truststore.type = JKS
	transaction.timeout.ms = 60000
	transactional.id = null
	value.serializer = class org.apache.kafka.common.serialization.StringSerializer

2024-09-23T00:00:46.140+02:00  INFO 57135 --- [VerveSampleProject] [scheduling-1] o.a.k.c.t.i.KafkaMetricsCollector        : initializing Kafka metrics collector
2024-09-23T00:00:46.180+02:00  INFO 57135 --- [VerveSampleProject] [scheduling-1] o.a.k.clients.producer.KafkaProducer     : [Producer clientId=VerveSampleProject-producer-1] Instantiated an idempotent producer.
2024-09-23T00:00:46.196+02:00  INFO 57135 --- [VerveSampleProject] [scheduling-1] o.a.kafka.common.utils.AppInfoParser     : Kafka version: 3.7.1
2024-09-23T00:00:46.196+02:00  INFO 57135 --- [VerveSampleProject] [scheduling-1] o.a.kafka.common.utils.AppInfoParser     : Kafka commitId: e2494e6ffb89f828
2024-09-23T00:00:46.196+02:00  INFO 57135 --- [VerveSampleProject] [scheduling-1] o.a.kafka.common.utils.AppInfoParser     : Kafka startTimeMs: 1727042446195
2024-09-23T00:00:46.275+02:00  INFO 57135 --- [VerveSampleProject] [kafka-producer-network-thread | VerveSampleProject-producer-1] org.apache.kafka.clients.NetworkClient   : [Producer clientId=VerveSampleProject-producer-1] Node -1 disconnected.
2024-09-23T00:00:46.275+02:00  WARN 57135 --- [VerveSampleProject] [kafka-producer-network-thread | VerveSampleProject-producer-1] org.apache.kafka.clients.NetworkClient   : [Producer clientId=VerveSampleProject-producer-1] Connection to node -1 (localhost/127.0.0.1:9092) could not be established. Node may not be available.
2024-09-23T00:00:46.275+02:00  WARN 57135 --- [VerveSampleProject] [kafka-producer-network-thread | VerveSampleProject-producer-1] org.apache.kafka.clients.NetworkClient   : [Producer clientId=VerveSampleProject-producer-1] Bootstrap broker localhost:9092 (id: -1 rack: null) disconnected
2024-09-23T00:00:46.378+02:00  INFO 57135 --- [VerveSampleProject] [kafka-producer-network-thread | VerveSampleProject-producer-1] org.apache.kafka.clients.NetworkClient   : [Producer clientId=VerveSampleProject-producer-1] Node -1 disconnected.
2024-09-23T00:00:46.378+02:00  WARN 57135 --- [VerveSampleProject] [kafka-producer-network-thread | VerveSampleProject-producer-1] org.apache.kafka.clients.NetworkClient   : [Producer clientId=VerveSampleProject-producer-1] Connection to node -1 (localhost/127.0.0.1:9092) could not be established. Node may not be available.
2024-09-23T00:00:46.378+02:00  WARN 57135 --- [VerveSampleProject] [kafka-producer-network-thread | VerveSampleProject-producer-1] org.apache.kafka.clients.NetworkClient   : [Producer clientId=VerveSampleProject-producer-1] Bootstrap broker localhost:9092 (id: -1 rack: null) disconnected
2024-09-23T00:00:46.484+02:00  INFO 57135 --- [VerveSampleProject] [kafka-producer-network-thread | VerveSampleProject-producer-1] org.apache.kafka.clients.NetworkClient   : [Producer clientId=VerveSampleProject-producer-1] Node -1 disconnected.
2024-09-23T00:00:46.484+02:00  WARN 57135 --- [VerveSampleProject] [kafka-producer-network-thread | VerveSampleProject-producer-1] org.apache.kafka.clients.NetworkClient   : [Producer clientId=VerveSampleProject-producer-1] Connection to node -1 (localhost/127.0.0.1:9092) could not be established. Node may not be available.
2024-09-23T00:00:46.484+02:00  WARN 57135 --- [VerveSampleProject] [kafka-producer-network-thread | VerveSampleProject-producer-1] org.apache.kafka.clients.NetworkClient   : [Producer clientId=VerveSampleProject-producer-1] Bootstrap broker localhost:9092 (id: -1 rack: null) disconnected
2024-09-23T00:00:46.694+02:00  INFO 57135 --- [VerveSampleProject] [kafka-producer-network-thread | VerveSampleProject-producer-1] org.apache.kafka.clients.NetworkClient   : [Producer clientId=VerveSampleProject-producer-1] Node -1 disconnected.
2024-09-23T00:00:46.694+02:00  WARN 57135 --- [VerveSampleProject] [kafka-producer-network-thread | VerveSampleProject-producer-1] org.apache.kafka.clients.NetworkClient   : [Producer clientId=VerveSampleProject-producer-1] Connection to node -1 (localhost/127.0.0.1:9092) could not be established. Node may not be available.
2024-09-23T00:00:46.695+02:00  WARN 57135 --- [VerveSampleProject] [kafka-producer-network-thread | VerveSampleProject-producer-1] org.apache.kafka.clients.NetworkClient   : [Producer clientId=VerveSampleProject-producer-1] Bootstrap broker localhost:9092 (id: -1 rack: null) disconnected
2024-09-23T00:00:47.096+02:00  INFO 57135 --- [VerveSampleProject] [kafka-producer-network-thread | VerveSampleProject-producer-1] org.apache.kafka.clients.NetworkClient   : [Producer clientId=VerveSampleProject-producer-1] Node -1 disconnected.
2024-09-23T00:00:47.097+02:00  WARN 57135 --- [VerveSampleProject] [kafka-producer-network-thread | VerveSampleProject-producer-1] org.apache.kafka.clients.NetworkClient   : [Producer clientId=VerveSampleProject-producer-1] Connection to node -1 (localhost/127.0.0.1:9092) could not be established. Node may not be available.
2024-09-23T00:00:47.097+02:00  WARN 57135 --- [VerveSampleProject] [kafka-producer-network-thread | VerveSampleProject-producer-1] org.apache.kafka.clients.NetworkClient   : [Producer clientId=VerveSampleProject-producer-1] Bootstrap broker localhost:9092 (id: -1 rack: null) disconnected
2024-09-23T00:00:47.768+02:00  INFO 57135 --- [VerveSampleProject] [kafka-producer-network-thread | VerveSampleProject-producer-1] org.apache.kafka.clients.NetworkClient   : [Producer clientId=VerveSampleProject-producer-1] Node -1 disconnected.
2024-09-23T00:00:47.769+02:00  WARN 57135 --- [VerveSampleProject] [kafka-producer-network-thread | VerveSampleProject-producer-1] org.apache.kafka.clients.NetworkClient   : [Producer clientId=VerveSampleProject-producer-1] Connection to node -1 (localhost/127.0.0.1:9092) could not be established. Node may not be available.
2024-09-23T00:00:47.769+02:00  WARN 57135 --- [VerveSampleProject] [kafka-producer-network-thread | VerveSampleProject-producer-1] org.apache.kafka.clients.NetworkClient   : [Producer clientId=VerveSampleProject-producer-1] Bootstrap broker localhost:9092 (id: -1 rack: null) disconnected
2024-09-23T00:00:48.788+02:00  INFO 57135 --- [VerveSampleProject] [kafka-producer-network-thread | VerveSampleProject-producer-1] org.apache.kafka.clients.NetworkClient   : [Producer clientId=VerveSampleProject-producer-1] Node -1 disconnected.
2024-09-23T00:00:48.789+02:00  WARN 57135 --- [VerveSampleProject] [kafka-producer-network-thread | VerveSampleProject-producer-1] org.apache.kafka.clients.NetworkClient   : [Producer clientId=VerveSampleProject-producer-1] Connection to node -1 (localhost/127.0.0.1:9092) could not be established. Node may not be available.
2024-09-23T00:00:48.789+02:00  WARN 57135 --- [VerveSampleProject] [kafka-producer-network-thread | VerveSampleProject-producer-1] org.apache.kafka.clients.NetworkClient   : [Producer clientId=VerveSampleProject-producer-1] Bootstrap broker localhost:9092 (id: -1 rack: null) disconnected
2024-09-23T00:00:49.659+02:00  INFO 57135 --- [VerveSampleProject] [kafka-producer-network-thread | VerveSampleProject-producer-1] org.apache.kafka.clients.NetworkClient   : [Producer clientId=VerveSampleProject-producer-1] Node -1 disconnected.
2024-09-23T00:00:49.660+02:00  WARN 57135 --- [VerveSampleProject] [kafka-producer-network-thread | VerveSampleProject-producer-1] org.apache.kafka.clients.NetworkClient   : [Producer clientId=VerveSampleProject-producer-1] Connection to node -1 (localhost/127.0.0.1:9092) could not be established. Node may not be available.
2024-09-23T00:00:49.660+02:00  WARN 57135 --- [VerveSampleProject] [kafka-producer-network-thread | VerveSampleProject-producer-1] org.apache.kafka.clients.NetworkClient   : [Producer clientId=VerveSampleProject-producer-1] Bootstrap broker localhost:9092 (id: -1 rack: null) disconnected
2024-09-23T00:00:50.107+02:00  INFO 57135 --- [VerveSampleProject] [http-nio-8080-exec-2] o.a.c.c.C.[Tomcat].[localhost].[/]       : Initializing Spring DispatcherServlet 'dispatcherServlet'
2024-09-23T00:00:50.107+02:00  INFO 57135 --- [VerveSampleProject] [http-nio-8080-exec-2] o.s.web.servlet.DispatcherServlet        : Initializing Servlet 'dispatcherServlet'
2024-09-23T00:00:50.108+02:00  INFO 57135 --- [VerveSampleProject] [http-nio-8080-exec-2] o.s.web.servlet.DispatcherServlet        : Completed initialization in 1 ms
2024-09-23T00:00:50.481+02:00  INFO 57135 --- [VerveSampleProject] [kafka-producer-network-thread | VerveSampleProject-producer-1] org.apache.kafka.clients.NetworkClient   : [Producer clientId=VerveSampleProject-producer-1] Node -1 disconnected.
2024-09-23T00:00:50.481+02:00  WARN 57135 --- [VerveSampleProject] [kafka-producer-network-thread | VerveSampleProject-producer-1] org.apache.kafka.clients.NetworkClient   : [Producer clientId=VerveSampleProject-producer-1] Connection to node -1 (localhost/127.0.0.1:9092) could not be established. Node may not be available.
2024-09-23T00:00:50.481+02:00  WARN 57135 --- [VerveSampleProject] [kafka-producer-network-thread | VerveSampleProject-producer-1] org.apache.kafka.clients.NetworkClient   : [Producer clientId=VerveSampleProject-producer-1] Bootstrap broker localhost:9092 (id: -1 rack: null) disconnected
2024-09-23T00:00:51.304+02:00  INFO 57135 --- [VerveSampleProject] [kafka-producer-network-thread | VerveSampleProject-producer-1] org.apache.kafka.clients.NetworkClient   : [Producer clientId=VerveSampleProject-producer-1] Node -1 disconnected.
2024-09-23T00:00:51.305+02:00  WARN 57135 --- [VerveSampleProject] [kafka-producer-network-thread | VerveSampleProject-producer-1] org.apache.kafka.clients.NetworkClient   : [Producer clientId=VerveSampleProject-producer-1] Connection to node -1 (localhost/127.0.0.1:9092) could not be established. Node may not be available.
2024-09-23T00:00:51.305+02:00  WARN 57135 --- [VerveSampleProject] [kafka-producer-network-thread | VerveSampleProject-producer-1] org.apache.kafka.clients.NetworkClient   : [Producer clientId=VerveSampleProject-producer-1] Bootstrap broker localhost:9092 (id: -1 rack: null) disconnected
2024-09-23T00:00:52.335+02:00  INFO 57135 --- [VerveSampleProject] [kafka-producer-network-thread | VerveSampleProject-producer-1] org.apache.kafka.clients.NetworkClient   : [Producer clientId=VerveSampleProject-producer-1] Node -1 disconnected.
2024-09-23T00:00:52.335+02:00  WARN 57135 --- [VerveSampleProject] [kafka-producer-network-thread | VerveSampleProject-producer-1] org.apache.kafka.clients.NetworkClient   : [Producer clientId=VerveSampleProject-producer-1] Connection to node -1 (localhost/127.0.0.1:9092) could not be established. Node may not be available.
2024-09-23T00:00:52.336+02:00  WARN 57135 --- [VerveSampleProject] [kafka-producer-network-thread | VerveSampleProject-producer-1] org.apache.kafka.clients.NetworkClient   : [Producer clientId=VerveSampleProject-producer-1] Bootstrap broker localhost:9092 (id: -1 rack: null) disconnected
2024-09-23T00:00:53.338+02:00  INFO 57135 --- [VerveSampleProject] [kafka-producer-network-thread | VerveSampleProject-producer-1] org.apache.kafka.clients.NetworkClient   : [Producer clientId=VerveSampleProject-producer-1] Node -1 disconnected.
2024-09-23T00:00:53.339+02:00  WARN 57135 --- [VerveSampleProject] [kafka-producer-network-thread | VerveSampleProject-producer-1] org.apache.kafka.clients.NetworkClient   : [Producer clientId=VerveSampleProject-producer-1] Connection to node -1 (localhost/127.0.0.1:9092) could not be established. Node may not be available.
2024-09-23T00:00:53.339+02:00  WARN 57135 --- [VerveSampleProject] [kafka-producer-network-thread | VerveSampleProject-producer-1] org.apache.kafka.clients.NetworkClient   : [Producer clientId=VerveSampleProject-producer-1] Bootstrap broker localhost:9092 (id: -1 rack: null) disconnected
2024-09-23T00:00:54.341+02:00  INFO 57135 --- [VerveSampleProject] [kafka-producer-network-thread | VerveSampleProject-producer-1] org.apache.kafka.clients.NetworkClient   : [Producer clientId=VerveSampleProject-producer-1] Node -1 disconnected.
2024-09-23T00:00:54.342+02:00  WARN 57135 --- [VerveSampleProject] [kafka-producer-network-thread | VerveSampleProject-producer-1] org.apache.kafka.clients.NetworkClient   : [Producer clientId=VerveSampleProject-producer-1] Connection to node -1 (localhost/127.0.0.1:9092) could not be established. Node may not be available.
2024-09-23T00:00:54.342+02:00  WARN 57135 --- [VerveSampleProject] [kafka-producer-network-thread | VerveSampleProject-producer-1] org.apache.kafka.clients.NetworkClient   : [Producer clientId=VerveSampleProject-producer-1] Bootstrap broker localhost:9092 (id: -1 rack: null) disconnected
2024-09-23T00:00:55.368+02:00  INFO 57135 --- [VerveSampleProject] [kafka-producer-network-thread | VerveSampleProject-producer-1] org.apache.kafka.clients.NetworkClient   : [Producer clientId=VerveSampleProject-producer-1] Node -1 disconnected.
2024-09-23T00:00:55.369+02:00  WARN 57135 --- [VerveSampleProject] [kafka-producer-network-thread | VerveSampleProject-producer-1] org.apache.kafka.clients.NetworkClient   : [Producer clientId=VerveSampleProject-producer-1] Connection to node -1 (localhost/127.0.0.1:9092) could not be established. Node may not be available.
2024-09-23T00:00:55.369+02:00  WARN 57135 --- [VerveSampleProject] [kafka-producer-network-thread | VerveSampleProject-producer-1] org.apache.kafka.clients.NetworkClient   : [Producer clientId=VerveSampleProject-producer-1] Bootstrap broker localhost:9092 (id: -1 rack: null) disconnected
2024-09-23T00:00:55.725+02:00  INFO 57135 --- [VerveSampleProject] [http-nio-8080-exec-3] c.v.V.a.c.VerveSampleProjectController   : Duplicate request with id 88
2024-09-23T00:00:56.370+02:00  INFO 57135 --- [VerveSampleProject] [kafka-producer-network-thread | VerveSampleProject-producer-1] org.apache.kafka.clients.NetworkClient   : [Producer clientId=VerveSampleProject-producer-1] Node -1 disconnected.
2024-09-23T00:00:56.370+02:00  WARN 57135 --- [VerveSampleProject] [kafka-producer-network-thread | VerveSampleProject-producer-1] org.apache.kafka.clients.NetworkClient   : [Producer clientId=VerveSampleProject-producer-1] Connection to node -1 (localhost/127.0.0.1:9092) could not be established. Node may not be available.
2024-09-23T00:00:56.370+02:00  WARN 57135 --- [VerveSampleProject] [kafka-producer-network-thread | VerveSampleProject-producer-1] org.apache.kafka.clients.NetworkClient   : [Producer clientId=VerveSampleProject-producer-1] Bootstrap broker localhost:9092 (id: -1 rack: null) disconnected
2024-09-23T00:00:57.401+02:00  INFO 57135 --- [VerveSampleProject] [kafka-producer-network-thread | VerveSampleProject-producer-1] org.apache.kafka.clients.NetworkClient   : [Producer clientId=VerveSampleProject-producer-1] Node -1 disconnected.
2024-09-23T00:00:57.403+02:00  WARN 57135 --- [VerveSampleProject] [kafka-producer-network-thread | VerveSampleProject-producer-1] org.apache.kafka.clients.NetworkClient   : [Producer clientId=VerveSampleProject-producer-1] Connection to node -1 (localhost/127.0.0.1:9092) could not be established. Node may not be available.
2024-09-23T00:00:57.404+02:00  WARN 57135 --- [VerveSampleProject] [kafka-producer-network-thread | VerveSampleProject-producer-1] org.apache.kafka.clients.NetworkClient   : [Producer clientId=VerveSampleProject-producer-1] Bootstrap broker localhost:9092 (id: -1 rack: null) disconnected
2024-09-23T00:00:58.428+02:00  INFO 57135 --- [VerveSampleProject] [kafka-producer-network-thread | VerveSampleProject-producer-1] org.apache.kafka.clients.NetworkClient   : [Producer clientId=VerveSampleProject-producer-1] Node -1 disconnected.
2024-09-23T00:00:58.429+02:00  WARN 57135 --- [VerveSampleProject] [kafka-producer-network-thread | VerveSampleProject-producer-1] org.apache.kafka.clients.NetworkClient   : [Producer clientId=VerveSampleProject-producer-1] Connection to node -1 (localhost/127.0.0.1:9092) could not be established. Node may not be available.
2024-09-23T00:00:58.429+02:00  WARN 57135 --- [VerveSampleProject] [kafka-producer-network-thread | VerveSampleProject-producer-1] org.apache.kafka.clients.NetworkClient   : [Producer clientId=VerveSampleProject-producer-1] Bootstrap broker localhost:9092 (id: -1 rack: null) disconnected
2024-09-23T00:00:59.453+02:00  INFO 57135 --- [VerveSampleProject] [kafka-producer-network-thread | VerveSampleProject-producer-1] org.apache.kafka.clients.NetworkClient   : [Producer clientId=VerveSampleProject-producer-1] Node -1 disconnected.
2024-09-23T00:00:59.454+02:00  WARN 57135 --- [VerveSampleProject] [kafka-producer-network-thread | VerveSampleProject-producer-1] org.apache.kafka.clients.NetworkClient   : [Producer clientId=VerveSampleProject-producer-1] Connection to node -1 (localhost/127.0.0.1:9092) could not be established. Node may not be available.
2024-09-23T00:00:59.454+02:00  WARN 57135 --- [VerveSampleProject] [kafka-producer-network-thread | VerveSampleProject-producer-1] org.apache.kafka.clients.NetworkClient   : [Producer clientId=VerveSampleProject-producer-1] Bootstrap broker localhost:9092 (id: -1 rack: null) disconnected
2024-09-23T00:01:00.455+02:00  INFO 57135 --- [VerveSampleProject] [kafka-producer-network-thread | VerveSampleProject-producer-1] org.apache.kafka.clients.NetworkClient   : [Producer clientId=VerveSampleProject-producer-1] Node -1 disconnected.
2024-09-23T00:01:00.456+02:00  WARN 57135 --- [VerveSampleProject] [kafka-producer-network-thread | VerveSampleProject-producer-1] org.apache.kafka.clients.NetworkClient   : [Producer clientId=VerveSampleProject-producer-1] Connection to node -1 (localhost/127.0.0.1:9092) could not be established. Node may not be available.
2024-09-23T00:01:00.457+02:00  WARN 57135 --- [VerveSampleProject] [kafka-producer-network-thread | VerveSampleProject-producer-1] org.apache.kafka.clients.NetworkClient   : [Producer clientId=VerveSampleProject-producer-1] Bootstrap broker localhost:9092 (id: -1 rack: null) disconnected
2024-09-23T00:01:01.484+02:00  INFO 57135 --- [VerveSampleProject] [kafka-producer-network-thread | VerveSampleProject-producer-1] org.apache.kafka.clients.NetworkClient   : [Producer clientId=VerveSampleProject-producer-1] Node -1 disconnected.
2024-09-23T00:01:01.485+02:00  WARN 57135 --- [VerveSampleProject] [kafka-producer-network-thread | VerveSampleProject-producer-1] org.apache.kafka.clients.NetworkClient   : [Producer clientId=VerveSampleProject-producer-1] Connection to node -1 (localhost/127.0.0.1:9092) could not be established. Node may not be available.
2024-09-23T00:01:01.485+02:00  WARN 57135 --- [VerveSampleProject] [kafka-producer-network-thread | VerveSampleProject-producer-1] org.apache.kafka.clients.NetworkClient   : [Producer clientId=VerveSampleProject-producer-1] Bootstrap broker localhost:9092 (id: -1 rack: null) disconnected
2024-09-23T00:01:02.486+02:00  INFO 57135 --- [VerveSampleProject] [kafka-producer-network-thread | VerveSampleProject-producer-1] org.apache.kafka.clients.NetworkClient   : [Producer clientId=VerveSampleProject-producer-1] Node -1 disconnected.
2024-09-23T00:01:02.486+02:00  WARN 57135 --- [VerveSampleProject] [kafka-producer-network-thread | VerveSampleProject-producer-1] org.apache.kafka.clients.NetworkClient   : [Producer clientId=VerveSampleProject-producer-1] Connection to node -1 (localhost/127.0.0.1:9092) could not be established. Node may not be available.
2024-09-23T00:01:02.486+02:00  WARN 57135 --- [VerveSampleProject] [kafka-producer-network-thread | VerveSampleProject-producer-1] org.apache.kafka.clients.NetworkClient   : [Producer clientId=VerveSampleProject-producer-1] Bootstrap broker localhost:9092 (id: -1 rack: null) disconnected
2024-09-23T00:01:03.362+02:00  INFO 57135 --- [VerveSampleProject] [kafka-producer-network-thread | VerveSampleProject-producer-1] org.apache.kafka.clients.NetworkClient   : [Producer clientId=VerveSampleProject-producer-1] Node -1 disconnected.
2024-09-23T00:01:03.362+02:00  WARN 57135 --- [VerveSampleProject] [kafka-producer-network-thread | VerveSampleProject-producer-1] org.apache.kafka.clients.NetworkClient   : [Producer clientId=VerveSampleProject-producer-1] Connection to node -1 (localhost/127.0.0.1:9092) could not be established. Node may not be available.
2024-09-23T00:01:03.363+02:00  WARN 57135 --- [VerveSampleProject] [kafka-producer-network-thread | VerveSampleProject-producer-1] org.apache.kafka.clients.NetworkClient   : [Producer clientId=VerveSampleProject-producer-1] Bootstrap broker localhost:9092 (id: -1 rack: null) disconnected
2024-09-23T00:01:04.387+02:00  INFO 57135 --- [VerveSampleProject] [kafka-producer-network-thread | VerveSampleProject-producer-1] org.apache.kafka.clients.NetworkClient   : [Producer clientId=VerveSampleProject-producer-1] Node -1 disconnected.
2024-09-23T00:01:04.388+02:00  WARN 57135 --- [VerveSampleProject] [kafka-producer-network-thread | VerveSampleProject-producer-1] org.apache.kafka.clients.NetworkClient   : [Producer clientId=VerveSampleProject-producer-1] Connection to node -1 (localhost/127.0.0.1:9092) could not be established. Node may not be available.
2024-09-23T00:01:04.389+02:00  WARN 57135 --- [VerveSampleProject] [kafka-producer-network-thread | VerveSampleProject-producer-1] org.apache.kafka.clients.NetworkClient   : [Producer clientId=VerveSampleProject-producer-1] Bootstrap broker localhost:9092 (id: -1 rack: null) disconnected
2024-09-23T00:01:04.714+02:00  INFO 57135 --- [VerveSampleProject] [http-nio-8080-exec-4] c.v.V.a.c.VerveSampleProjectController   : Duplicate request with id 88
2024-09-23T00:01:05.416+02:00  INFO 57135 --- [VerveSampleProject] [kafka-producer-network-thread | VerveSampleProject-producer-1] org.apache.kafka.clients.NetworkClient   : [Producer clientId=VerveSampleProject-producer-1] Node -1 disconnected.
2024-09-23T00:01:05.417+02:00  WARN 57135 --- [VerveSampleProject] [kafka-producer-network-thread | VerveSampleProject-producer-1] org.apache.kafka.clients.NetworkClient   : [Producer clientId=VerveSampleProject-producer-1] Connection to node -1 (localhost/127.0.0.1:9092) could not be established. Node may not be available.
2024-09-23T00:01:05.417+02:00  WARN 57135 --- [VerveSampleProject] [kafka-producer-network-thread | VerveSampleProject-producer-1] org.apache.kafka.clients.NetworkClient   : [Producer clientId=VerveSampleProject-producer-1] Bootstrap broker localhost:9092 (id: -1 rack: null) disconnected
2024-09-23T00:01:06.373+02:00  INFO 57135 --- [VerveSampleProject] [kafka-producer-network-thread | VerveSampleProject-producer-1] org.apache.kafka.clients.NetworkClient   : [Producer clientId=VerveSampleProject-producer-1] Node -1 disconnected.
2024-09-23T00:01:06.374+02:00  WARN 57135 --- [VerveSampleProject] [kafka-producer-network-thread | VerveSampleProject-producer-1] org.apache.kafka.clients.NetworkClient   : [Producer clientId=VerveSampleProject-producer-1] Connection to node -1 (localhost/127.0.0.1:9092) could not be established. Node may not be available.
2024-09-23T00:01:06.374+02:00  WARN 57135 --- [VerveSampleProject] [kafka-producer-network-thread | VerveSampleProject-producer-1] org.apache.kafka.clients.NetworkClient   : [Producer clientId=VerveSampleProject-producer-1] Bootstrap broker localhost:9092 (id: -1 rack: null) disconnected
2024-09-23T00:01:07.398+02:00  INFO 57135 --- [VerveSampleProject] [kafka-producer-network-thread | VerveSampleProject-producer-1] org.apache.kafka.clients.NetworkClient   : [Producer clientId=VerveSampleProject-producer-1] Node -1 disconnected.
2024-09-23T00:01:07.399+02:00  WARN 57135 --- [VerveSampleProject] [kafka-producer-network-thread | VerveSampleProject-producer-1] org.apache.kafka.clients.NetworkClient   : [Producer clientId=VerveSampleProject-producer-1] Connection to node -1 (localhost/127.0.0.1:9092) could not be established. Node may not be available.
2024-09-23T00:01:07.399+02:00  WARN 57135 --- [VerveSampleProject] [kafka-producer-network-thread | VerveSampleProject-producer-1] org.apache.kafka.clients.NetworkClient   : [Producer clientId=VerveSampleProject-producer-1] Bootstrap broker localhost:9092 (id: -1 rack: null) disconnected
2024-09-23T00:01:08.400+02:00  INFO 57135 --- [VerveSampleProject] [kafka-producer-network-thread | VerveSampleProject-producer-1] org.apache.kafka.clients.NetworkClient   : [Producer clientId=VerveSampleProject-producer-1] Node -1 disconnected.
2024-09-23T00:01:08.400+02:00  WARN 57135 --- [VerveSampleProject] [kafka-producer-network-thread | VerveSampleProject-producer-1] org.apache.kafka.clients.NetworkClient   : [Producer clientId=VerveSampleProject-producer-1] Connection to node -1 (localhost/127.0.0.1:9092) could not be established. Node may not be available.
2024-09-23T00:01:08.401+02:00  WARN 57135 --- [VerveSampleProject] [kafka-producer-network-thread | VerveSampleProject-producer-1] org.apache.kafka.clients.NetworkClient   : [Producer clientId=VerveSampleProject-producer-1] Bootstrap broker localhost:9092 (id: -1 rack: null) disconnected
2024-09-23T00:01:08.851+02:00  INFO 57135 --- [VerveSampleProject] [http-nio-8080-exec-5] c.v.V.a.c.VerveSampleProjectController   : Duplicate request with id 88
2024-09-23T00:01:09.402+02:00  INFO 57135 --- [VerveSampleProject] [kafka-producer-network-thread | VerveSampleProject-producer-1] org.apache.kafka.clients.NetworkClient   : [Producer clientId=VerveSampleProject-producer-1] Node -1 disconnected.
2024-09-23T00:01:09.403+02:00  WARN 57135 --- [VerveSampleProject] [kafka-producer-network-thread | VerveSampleProject-producer-1] org.apache.kafka.clients.NetworkClient   : [Producer clientId=VerveSampleProject-producer-1] Connection to node -1 (localhost/127.0.0.1:9092) could not be established. Node may not be available.
2024-09-23T00:01:09.403+02:00  WARN 57135 --- [VerveSampleProject] [kafka-producer-network-thread | VerveSampleProject-producer-1] org.apache.kafka.clients.NetworkClient   : [Producer clientId=VerveSampleProject-producer-1] Bootstrap broker localhost:9092 (id: -1 rack: null) disconnected
2024-09-23T00:01:10.425+02:00  INFO 57135 --- [VerveSampleProject] [kafka-producer-network-thread | VerveSampleProject-producer-1] org.apache.kafka.clients.NetworkClient   : [Producer clientId=VerveSampleProject-producer-1] Node -1 disconnected.
2024-09-23T00:01:10.425+02:00  WARN 57135 --- [VerveSampleProject] [kafka-producer-network-thread | VerveSampleProject-producer-1] org.apache.kafka.clients.NetworkClient   : [Producer clientId=VerveSampleProject-producer-1] Connection to node -1 (localhost/127.0.0.1:9092) could not be established. Node may not be available.
2024-09-23T00:01:10.425+02:00  WARN 57135 --- [VerveSampleProject] [kafka-producer-network-thread | VerveSampleProject-producer-1] org.apache.kafka.clients.NetworkClient   : [Producer clientId=VerveSampleProject-producer-1] Bootstrap broker localhost:9092 (id: -1 rack: null) disconnected
2024-09-23T00:01:11.427+02:00  INFO 57135 --- [VerveSampleProject] [kafka-producer-network-thread | VerveSampleProject-producer-1] org.apache.kafka.clients.NetworkClient   : [Producer clientId=VerveSampleProject-producer-1] Node -1 disconnected.
2024-09-23T00:01:11.427+02:00  WARN 57135 --- [VerveSampleProject] [kafka-producer-network-thread | VerveSampleProject-producer-1] org.apache.kafka.clients.NetworkClient   : [Producer clientId=VerveSampleProject-producer-1] Connection to node -1 (localhost/127.0.0.1:9092) could not be established. Node may not be available.
2024-09-23T00:01:11.427+02:00  WARN 57135 --- [VerveSampleProject] [kafka-producer-network-thread | VerveSampleProject-producer-1] org.apache.kafka.clients.NetworkClient   : [Producer clientId=VerveSampleProject-producer-1] Bootstrap broker localhost:9092 (id: -1 rack: null) disconnected
2024-09-23T00:01:12.403+02:00  INFO 57135 --- [VerveSampleProject] [kafka-producer-network-thread | VerveSampleProject-producer-1] org.apache.kafka.clients.NetworkClient   : [Producer clientId=VerveSampleProject-producer-1] Node -1 disconnected.
2024-09-23T00:01:12.404+02:00  WARN 57135 --- [VerveSampleProject] [kafka-producer-network-thread | VerveSampleProject-producer-1] org.apache.kafka.clients.NetworkClient   : [Producer clientId=VerveSampleProject-producer-1] Connection to node -1 (localhost/127.0.0.1:9092) could not be established. Node may not be available.
2024-09-23T00:01:12.404+02:00  WARN 57135 --- [VerveSampleProject] [kafka-producer-network-thread | VerveSampleProject-producer-1] org.apache.kafka.clients.NetworkClient   : [Producer clientId=VerveSampleProject-producer-1] Bootstrap broker localhost:9092 (id: -1 rack: null) disconnected
2024-09-23T00:01:13.427+02:00  INFO 57135 --- [VerveSampleProject] [kafka-producer-network-thread | VerveSampleProject-producer-1] org.apache.kafka.clients.NetworkClient   : [Producer clientId=VerveSampleProject-producer-1] Node -1 disconnected.
2024-09-23T00:01:13.428+02:00  WARN 57135 --- [VerveSampleProject] [kafka-producer-network-thread | VerveSampleProject-producer-1] org.apache.kafka.clients.NetworkClient   : [Producer clientId=VerveSampleProject-producer-1] Connection to node -1 (localhost/127.0.0.1:9092) could not be established. Node may not be available.
2024-09-23T00:01:13.428+02:00  WARN 57135 --- [VerveSampleProject] [kafka-producer-network-thread | VerveSampleProject-producer-1] org.apache.kafka.clients.NetworkClient   : [Producer clientId=VerveSampleProject-producer-1] Bootstrap broker localhost:9092 (id: -1 rack: null) disconnected
2024-09-23T00:01:14.454+02:00  INFO 57135 --- [VerveSampleProject] [kafka-producer-network-thread | VerveSampleProject-producer-1] org.apache.kafka.clients.NetworkClient   : [Producer clientId=VerveSampleProject-producer-1] Node -1 disconnected.
2024-09-23T00:01:14.455+02:00  WARN 57135 --- [VerveSampleProject] [kafka-producer-network-thread | VerveSampleProject-producer-1] org.apache.kafka.clients.NetworkClient   : [Producer clientId=VerveSampleProject-producer-1] Connection to node -1 (localhost/127.0.0.1:9092) could not be established. Node may not be available.
2024-09-23T00:01:14.455+02:00  WARN 57135 --- [VerveSampleProject] [kafka-producer-network-thread | VerveSampleProject-producer-1] org.apache.kafka.clients.NetworkClient   : [Producer clientId=VerveSampleProject-producer-1] Bootstrap broker localhost:9092 (id: -1 rack: null) disconnected
2024-09-23T00:01:15.480+02:00  INFO 57135 --- [VerveSampleProject] [kafka-producer-network-thread | VerveSampleProject-producer-1] org.apache.kafka.clients.NetworkClient   : [Producer clientId=VerveSampleProject-producer-1] Node -1 disconnected.
2024-09-23T00:01:15.481+02:00  WARN 57135 --- [VerveSampleProject] [kafka-producer-network-thread | VerveSampleProject-producer-1] org.apache.kafka.clients.NetworkClient   : [Producer clientId=VerveSampleProject-producer-1] Connection to node -1 (localhost/127.0.0.1:9092) could not be established. Node may not be available.
2024-09-23T00:01:15.481+02:00  WARN 57135 --- [VerveSampleProject] [kafka-producer-network-thread | VerveSampleProject-producer-1] org.apache.kafka.clients.NetworkClient   : [Producer clientId=VerveSampleProject-producer-1] Bootstrap broker localhost:9092 (id: -1 rack: null) disconnected
2024-09-23T00:01:16.357+02:00  INFO 57135 --- [VerveSampleProject] [kafka-producer-network-thread | VerveSampleProject-producer-1] org.apache.kafka.clients.NetworkClient   : [Producer clientId=VerveSampleProject-producer-1] Node -1 disconnected.
2024-09-23T00:01:16.357+02:00  WARN 57135 --- [VerveSampleProject] [kafka-producer-network-thread | VerveSampleProject-producer-1] org.apache.kafka.clients.NetworkClient   : [Producer clientId=VerveSampleProject-producer-1] Connection to node -1 (localhost/127.0.0.1:9092) could not be established. Node may not be available.
2024-09-23T00:01:16.358+02:00  WARN 57135 --- [VerveSampleProject] [kafka-producer-network-thread | VerveSampleProject-producer-1] org.apache.kafka.clients.NetworkClient   : [Producer clientId=VerveSampleProject-producer-1] Bootstrap broker localhost:9092 (id: -1 rack: null) disconnected
2024-09-23T00:01:17.247+02:00  INFO 57135 --- [VerveSampleProject] [kafka-producer-network-thread | VerveSampleProject-producer-1] org.apache.kafka.clients.NetworkClient   : [Producer clientId=VerveSampleProject-producer-1] Node -1 disconnected.
2024-09-23T00:01:17.248+02:00  WARN 57135 --- [VerveSampleProject] [kafka-producer-network-thread | VerveSampleProject-producer-1] org.apache.kafka.clients.NetworkClient   : [Producer clientId=VerveSampleProject-producer-1] Connection to node -1 (localhost/127.0.0.1:9092) could not be established. Node may not be available.
2024-09-23T00:01:17.248+02:00  WARN 57135 --- [VerveSampleProject] [kafka-producer-network-thread | VerveSampleProject-producer-1] org.apache.kafka.clients.NetworkClient   : [Producer clientId=VerveSampleProject-producer-1] Bootstrap broker localhost:9092 (id: -1 rack: null) disconnected
2024-09-23T00:01:18.236+02:00  INFO 57135 --- [VerveSampleProject] [kafka-producer-network-thread | VerveSampleProject-producer-1] org.apache.kafka.clients.NetworkClient   : [Producer clientId=VerveSampleProject-producer-1] Node -1 disconnected.
2024-09-23T00:01:18.237+02:00  WARN 57135 --- [VerveSampleProject] [kafka-producer-network-thread | VerveSampleProject-producer-1] org.apache.kafka.clients.NetworkClient   : [Producer clientId=VerveSampleProject-producer-1] Connection to node -1 (localhost/127.0.0.1:9092) could not be established. Node may not be available.
2024-09-23T00:01:18.237+02:00  WARN 57135 --- [VerveSampleProject] [kafka-producer-network-thread | VerveSampleProject-producer-1] org.apache.kafka.clients.NetworkClient   : [Producer clientId=VerveSampleProject-producer-1] Bootstrap broker localhost:9092 (id: -1 rack: null) disconnected
2024-09-23T00:01:19.212+02:00  INFO 57135 --- [VerveSampleProject] [kafka-producer-network-thread | VerveSampleProject-producer-1] org.apache.kafka.clients.NetworkClient   : [Producer clientId=VerveSampleProject-producer-1] Node -1 disconnected.
2024-09-23T00:01:19.213+02:00  WARN 57135 --- [VerveSampleProject] [kafka-producer-network-thread | VerveSampleProject-producer-1] org.apache.kafka.clients.NetworkClient   : [Producer clientId=VerveSampleProject-producer-1] Connection to node -1 (localhost/127.0.0.1:9092) could not be established. Node may not be available.
2024-09-23T00:01:19.213+02:00  WARN 57135 --- [VerveSampleProject] [kafka-producer-network-thread | VerveSampleProject-producer-1] org.apache.kafka.clients.NetworkClient   : [Producer clientId=VerveSampleProject-producer-1] Bootstrap broker localhost:9092 (id: -1 rack: null) disconnected
2024-09-23T00:01:20.238+02:00  INFO 57135 --- [VerveSampleProject] [kafka-producer-network-thread | VerveSampleProject-producer-1] org.apache.kafka.clients.NetworkClient   : [Producer clientId=VerveSampleProject-producer-1] Node -1 disconnected.
2024-09-23T00:01:20.239+02:00  WARN 57135 --- [VerveSampleProject] [kafka-producer-network-thread | VerveSampleProject-producer-1] org.apache.kafka.clients.NetworkClient   : [Producer clientId=VerveSampleProject-producer-1] Connection to node -1 (localhost/127.0.0.1:9092) could not be established. Node may not be available.
2024-09-23T00:01:20.239+02:00  WARN 57135 --- [VerveSampleProject] [kafka-producer-network-thread | VerveSampleProject-producer-1] org.apache.kafka.clients.NetworkClient   : [Producer clientId=VerveSampleProject-producer-1] Bootstrap broker localhost:9092 (id: -1 rack: null) disconnected
2024-09-23T00:01:21.111+02:00  INFO 57135 --- [VerveSampleProject] [kafka-producer-network-thread | VerveSampleProject-producer-1] org.apache.kafka.clients.NetworkClient   : [Producer clientId=VerveSampleProject-producer-1] Node -1 disconnected.
2024-09-23T00:01:21.112+02:00  WARN 57135 --- [VerveSampleProject] [kafka-producer-network-thread | VerveSampleProject-producer-1] org.apache.kafka.clients.NetworkClient   : [Producer clientId=VerveSampleProject-producer-1] Connection to node -1 (localhost/127.0.0.1:9092) could not be established. Node may not be available.
2024-09-23T00:01:21.112+02:00  WARN 57135 --- [VerveSampleProject] [kafka-producer-network-thread | VerveSampleProject-producer-1] org.apache.kafka.clients.NetworkClient   : [Producer clientId=VerveSampleProject-producer-1] Bootstrap broker localhost:9092 (id: -1 rack: null) disconnected
2024-09-23T00:01:22.057+02:00  INFO 57135 --- [VerveSampleProject] [kafka-producer-network-thread | VerveSampleProject-producer-1] org.apache.kafka.clients.NetworkClient   : [Producer clientId=VerveSampleProject-producer-1] Node -1 disconnected.
2024-09-23T00:01:22.057+02:00  WARN 57135 --- [VerveSampleProject] [kafka-producer-network-thread | VerveSampleProject-producer-1] org.apache.kafka.clients.NetworkClient   : [Producer clientId=VerveSampleProject-producer-1] Connection to node -1 (localhost/127.0.0.1:9092) could not be established. Node may not be available.
2024-09-23T00:01:22.057+02:00  WARN 57135 --- [VerveSampleProject] [kafka-producer-network-thread | VerveSampleProject-producer-1] org.apache.kafka.clients.NetworkClient   : [Producer clientId=VerveSampleProject-producer-1] Bootstrap broker localhost:9092 (id: -1 rack: null) disconnected
2024-09-23T00:01:23.059+02:00  INFO 57135 --- [VerveSampleProject] [kafka-producer-network-thread | VerveSampleProject-producer-1] org.apache.kafka.clients.NetworkClient   : [Producer clientId=VerveSampleProject-producer-1] Node -1 disconnected.
2024-09-23T00:01:23.059+02:00  WARN 57135 --- [VerveSampleProject] [kafka-producer-network-thread | VerveSampleProject-producer-1] org.apache.kafka.clients.NetworkClient   : [Producer clientId=VerveSampleProject-producer-1] Connection to node -1 (localhost/127.0.0.1:9092) could not be established. Node may not be available.
2024-09-23T00:01:23.059+02:00  WARN 57135 --- [VerveSampleProject] [kafka-producer-network-thread | VerveSampleProject-producer-1] org.apache.kafka.clients.NetworkClient   : [Producer clientId=VerveSampleProject-producer-1] Bootstrap broker localhost:9092 (id: -1 rack: null) disconnected
2024-09-23T00:01:24.060+02:00  INFO 57135 --- [VerveSampleProject] [kafka-producer-network-thread | VerveSampleProject-producer-1] org.apache.kafka.clients.NetworkClient   : [Producer clientId=VerveSampleProject-producer-1] Node -1 disconnected.
2024-09-23T00:01:24.061+02:00  WARN 57135 --- [VerveSampleProject] [kafka-producer-network-thread | VerveSampleProject-producer-1] org.apache.kafka.clients.NetworkClient   : [Producer clientId=VerveSampleProject-producer-1] Connection to node -1 (localhost/127.0.0.1:9092) could not be established. Node may not be available.
2024-09-23T00:01:24.061+02:00  WARN 57135 --- [VerveSampleProject] [kafka-producer-network-thread | VerveSampleProject-producer-1] org.apache.kafka.clients.NetworkClient   : [Producer clientId=VerveSampleProject-producer-1] Bootstrap broker localhost:9092 (id: -1 rack: null) disconnected
2024-09-23T00:01:25.035+02:00  INFO 57135 --- [VerveSampleProject] [kafka-producer-network-thread | VerveSampleProject-producer-1] org.apache.kafka.clients.NetworkClient   : [Producer clientId=VerveSampleProject-producer-1] Node -1 disconnected.
2024-09-23T00:01:25.036+02:00  WARN 57135 --- [VerveSampleProject] [kafka-producer-network-thread | VerveSampleProject-producer-1] org.apache.kafka.clients.NetworkClient   : [Producer clientId=VerveSampleProject-producer-1] Connection to node -1 (localhost/127.0.0.1:9092) could not be established. Node may not be available.
2024-09-23T00:01:25.036+02:00  WARN 57135 --- [VerveSampleProject] [kafka-producer-network-thread | VerveSampleProject-producer-1] org.apache.kafka.clients.NetworkClient   : [Producer clientId=VerveSampleProject-producer-1] Bootstrap broker localhost:9092 (id: -1 rack: null) disconnected
2024-09-23T00:01:26.011+02:00  INFO 57135 --- [VerveSampleProject] [kafka-producer-network-thread | VerveSampleProject-producer-1] org.apache.kafka.clients.NetworkClient   : [Producer clientId=VerveSampleProject-producer-1] Node -1 disconnected.
2024-09-23T00:01:26.012+02:00  WARN 57135 --- [VerveSampleProject] [kafka-producer-network-thread | VerveSampleProject-producer-1] org.apache.kafka.clients.NetworkClient   : [Producer clientId=VerveSampleProject-producer-1] Connection to node -1 (localhost/127.0.0.1:9092) could not be established. Node may not be available.
2024-09-23T00:01:26.012+02:00  WARN 57135 --- [VerveSampleProject] [kafka-producer-network-thread | VerveSampleProject-producer-1] org.apache.kafka.clients.NetworkClient   : [Producer clientId=VerveSampleProject-producer-1] Bootstrap broker localhost:9092 (id: -1 rack: null) disconnected
2024-09-23T00:01:27.047+02:00  INFO 57135 --- [VerveSampleProject] [kafka-producer-network-thread | VerveSampleProject-producer-1] org.apache.kafka.clients.NetworkClient   : [Producer clientId=VerveSampleProject-producer-1] Node -1 disconnected.
2024-09-23T00:01:27.048+02:00  WARN 57135 --- [VerveSampleProject] [kafka-producer-network-thread | VerveSampleProject-producer-1] org.apache.kafka.clients.NetworkClient   : [Producer clientId=VerveSampleProject-producer-1] Connection to node -1 (localhost/127.0.0.1:9092) could not be established. Node may not be available.
2024-09-23T00:01:27.048+02:00  WARN 57135 --- [VerveSampleProject] [kafka-producer-network-thread | VerveSampleProject-producer-1] org.apache.kafka.clients.NetworkClient   : [Producer clientId=VerveSampleProject-producer-1] Bootstrap broker localhost:9092 (id: -1 rack: null) disconnected
2024-09-23T00:01:27.973+02:00  INFO 57135 --- [VerveSampleProject] [kafka-producer-network-thread | VerveSampleProject-producer-1] org.apache.kafka.clients.NetworkClient   : [Producer clientId=VerveSampleProject-producer-1] Node -1 disconnected.
2024-09-23T00:01:27.974+02:00  WARN 57135 --- [VerveSampleProject] [kafka-producer-network-thread | VerveSampleProject-producer-1] org.apache.kafka.clients.NetworkClient   : [Producer clientId=VerveSampleProject-producer-1] Connection to node -1 (localhost/127.0.0.1:9092) could not be established. Node may not be available.
2024-09-23T00:01:27.974+02:00  WARN 57135 --- [VerveSampleProject] [kafka-producer-network-thread | VerveSampleProject-producer-1] org.apache.kafka.clients.NetworkClient   : [Producer clientId=VerveSampleProject-producer-1] Bootstrap broker localhost:9092 (id: -1 rack: null) disconnected
2024-09-23T00:01:28.996+02:00  INFO 57135 --- [VerveSampleProject] [kafka-producer-network-thread | VerveSampleProject-producer-1] org.apache.kafka.clients.NetworkClient   : [Producer clientId=VerveSampleProject-producer-1] Node -1 disconnected.
2024-09-23T00:01:28.997+02:00  WARN 57135 --- [VerveSampleProject] [kafka-producer-network-thread | VerveSampleProject-producer-1] org.apache.kafka.clients.NetworkClient   : [Producer clientId=VerveSampleProject-producer-1] Connection to node -1 (localhost/127.0.0.1:9092) could not be established. Node may not be available.
2024-09-23T00:01:28.997+02:00  WARN 57135 --- [VerveSampleProject] [kafka-producer-network-thread | VerveSampleProject-producer-1] org.apache.kafka.clients.NetworkClient   : [Producer clientId=VerveSampleProject-producer-1] Bootstrap broker localhost:9092 (id: -1 rack: null) disconnected
2024-09-23T00:01:30.021+02:00  INFO 57135 --- [VerveSampleProject] [kafka-producer-network-thread | VerveSampleProject-producer-1] org.apache.kafka.clients.NetworkClient   : [Producer clientId=VerveSampleProject-producer-1] Node -1 disconnected.
2024-09-23T00:01:30.021+02:00  WARN 57135 --- [VerveSampleProject] [kafka-producer-network-thread | VerveSampleProject-producer-1] org.apache.kafka.clients.NetworkClient   : [Producer clientId=VerveSampleProject-producer-1] Connection to node -1 (localhost/127.0.0.1:9092) could not be established. Node may not be available.
2024-09-23T00:01:30.022+02:00  WARN 57135 --- [VerveSampleProject] [kafka-producer-network-thread | VerveSampleProject-producer-1] org.apache.kafka.clients.NetworkClient   : [Producer clientId=VerveSampleProject-producer-1] Bootstrap broker localhost:9092 (id: -1 rack: null) disconnected
2024-09-23T00:01:30.942+02:00  INFO 57135 --- [VerveSampleProject] [kafka-producer-network-thread | VerveSampleProject-producer-1] org.apache.kafka.clients.NetworkClient   : [Producer clientId=VerveSampleProject-producer-1] Node -1 disconnected.
2024-09-23T00:01:30.943+02:00  WARN 57135 --- [VerveSampleProject] [kafka-producer-network-thread | VerveSampleProject-producer-1] org.apache.kafka.clients.NetworkClient   : [Producer clientId=VerveSampleProject-producer-1] Connection to node -1 (localhost/127.0.0.1:9092) could not be established. Node may not be available.
2024-09-23T00:01:30.943+02:00  WARN 57135 --- [VerveSampleProject] [kafka-producer-network-thread | VerveSampleProject-producer-1] org.apache.kafka.clients.NetworkClient   : [Producer clientId=VerveSampleProject-producer-1] Bootstrap broker localhost:9092 (id: -1 rack: null) disconnected
2024-09-23T00:01:31.967+02:00  INFO 57135 --- [VerveSampleProject] [kafka-producer-network-thread | VerveSampleProject-producer-1] org.apache.kafka.clients.NetworkClient   : [Producer clientId=VerveSampleProject-producer-1] Node -1 disconnected.
2024-09-23T00:01:31.967+02:00  WARN 57135 --- [VerveSampleProject] [kafka-producer-network-thread | VerveSampleProject-producer-1] org.apache.kafka.clients.NetworkClient   : [Producer clientId=VerveSampleProject-producer-1] Connection to node -1 (localhost/127.0.0.1:9092) could not be established. Node may not be available.
2024-09-23T00:01:31.968+02:00  WARN 57135 --- [VerveSampleProject] [kafka-producer-network-thread | VerveSampleProject-producer-1] org.apache.kafka.clients.NetworkClient   : [Producer clientId=VerveSampleProject-producer-1] Bootstrap broker localhost:9092 (id: -1 rack: null) disconnected
2024-09-23T00:01:32.970+02:00  INFO 57135 --- [VerveSampleProject] [kafka-producer-network-thread | VerveSampleProject-producer-1] org.apache.kafka.clients.NetworkClient   : [Producer clientId=VerveSampleProject-producer-1] Node -1 disconnected.
2024-09-23T00:01:32.971+02:00  WARN 57135 --- [VerveSampleProject] [kafka-producer-network-thread | VerveSampleProject-producer-1] org.apache.kafka.clients.NetworkClient   : [Producer clientId=VerveSampleProject-producer-1] Connection to node -1 (localhost/127.0.0.1:9092) could not be established. Node may not be available.
2024-09-23T00:01:32.971+02:00  WARN 57135 --- [VerveSampleProject] [kafka-producer-network-thread | VerveSampleProject-producer-1] org.apache.kafka.clients.NetworkClient   : [Producer clientId=VerveSampleProject-producer-1] Bootstrap broker localhost:9092 (id: -1 rack: null) disconnected
2024-09-23T00:01:33.890+02:00  INFO 57135 --- [VerveSampleProject] [kafka-producer-network-thread | VerveSampleProject-producer-1] org.apache.kafka.clients.NetworkClient   : [Producer clientId=VerveSampleProject-producer-1] Node -1 disconnected.
2024-09-23T00:01:33.891+02:00  WARN 57135 --- [VerveSampleProject] [kafka-producer-network-thread | VerveSampleProject-producer-1] org.apache.kafka.clients.NetworkClient   : [Producer clientId=VerveSampleProject-producer-1] Connection to node -1 (localhost/127.0.0.1:9092) could not be established. Node may not be available.
2024-09-23T00:01:33.891+02:00  WARN 57135 --- [VerveSampleProject] [kafka-producer-network-thread | VerveSampleProject-producer-1] org.apache.kafka.clients.NetworkClient   : [Producer clientId=VerveSampleProject-producer-1] Bootstrap broker localhost:9092 (id: -1 rack: null) disconnected
2024-09-23T00:01:34.913+02:00  INFO 57135 --- [VerveSampleProject] [kafka-producer-network-thread | VerveSampleProject-producer-1] org.apache.kafka.clients.NetworkClient   : [Producer clientId=VerveSampleProject-producer-1] Node -1 disconnected.
2024-09-23T00:01:34.914+02:00  WARN 57135 --- [VerveSampleProject] [kafka-producer-network-thread | VerveSampleProject-producer-1] org.apache.kafka.clients.NetworkClient   : [Producer clientId=VerveSampleProject-producer-1] Connection to node -1 (localhost/127.0.0.1:9092) could not be established. Node may not be available.
2024-09-23T00:01:34.915+02:00  WARN 57135 --- [VerveSampleProject] [kafka-producer-network-thread | VerveSampleProject-producer-1] org.apache.kafka.clients.NetworkClient   : [Producer clientId=VerveSampleProject-producer-1] Bootstrap broker localhost:9092 (id: -1 rack: null) disconnected
2024-09-23T00:01:35.939+02:00  INFO 57135 --- [VerveSampleProject] [kafka-producer-network-thread | VerveSampleProject-producer-1] org.apache.kafka.clients.NetworkClient   : [Producer clientId=VerveSampleProject-producer-1] Node -1 disconnected.
2024-09-23T00:01:35.940+02:00  WARN 57135 --- [VerveSampleProject] [kafka-producer-network-thread | VerveSampleProject-producer-1] org.apache.kafka.clients.NetworkClient   : [Producer clientId=VerveSampleProject-producer-1] Connection to node -1 (localhost/127.0.0.1:9092) could not be established. Node may not be available.
2024-09-23T00:01:35.940+02:00  WARN 57135 --- [VerveSampleProject] [kafka-producer-network-thread | VerveSampleProject-producer-1] org.apache.kafka.clients.NetworkClient   : [Producer clientId=VerveSampleProject-producer-1] Bootstrap broker localhost:9092 (id: -1 rack: null) disconnected
2024-09-23T00:01:36.941+02:00  INFO 57135 --- [VerveSampleProject] [kafka-producer-network-thread | VerveSampleProject-producer-1] org.apache.kafka.clients.NetworkClient   : [Producer clientId=VerveSampleProject-producer-1] Node -1 disconnected.
2024-09-23T00:01:36.941+02:00  WARN 57135 --- [VerveSampleProject] [kafka-producer-network-thread | VerveSampleProject-producer-1] org.apache.kafka.clients.NetworkClient   : [Producer clientId=VerveSampleProject-producer-1] Connection to node -1 (localhost/127.0.0.1:9092) could not be established. Node may not be available.
2024-09-23T00:01:36.941+02:00  WARN 57135 --- [VerveSampleProject] [kafka-producer-network-thread | VerveSampleProject-producer-1] org.apache.kafka.clients.NetworkClient   : [Producer clientId=VerveSampleProject-producer-1] Bootstrap broker localhost:9092 (id: -1 rack: null) disconnected
2024-09-23T00:01:37.943+02:00  INFO 57135 --- [VerveSampleProject] [kafka-producer-network-thread | VerveSampleProject-producer-1] org.apache.kafka.clients.NetworkClient   : [Producer clientId=VerveSampleProject-producer-1] Node -1 disconnected.
2024-09-23T00:01:37.943+02:00  WARN 57135 --- [VerveSampleProject] [kafka-producer-network-thread | VerveSampleProject-producer-1] org.apache.kafka.clients.NetworkClient   : [Producer clientId=VerveSampleProject-producer-1] Connection to node -1 (localhost/127.0.0.1:9092) could not be established. Node may not be available.
2024-09-23T00:01:37.944+02:00  WARN 57135 --- [VerveSampleProject] [kafka-producer-network-thread | VerveSampleProject-producer-1] org.apache.kafka.clients.NetworkClient   : [Producer clientId=VerveSampleProject-producer-1] Bootstrap broker localhost:9092 (id: -1 rack: null) disconnected
2024-09-23T00:01:38.966+02:00  INFO 57135 --- [VerveSampleProject] [kafka-producer-network-thread | VerveSampleProject-producer-1] org.apache.kafka.clients.NetworkClient   : [Producer clientId=VerveSampleProject-producer-1] Node -1 disconnected.
2024-09-23T00:01:38.967+02:00  WARN 57135 --- [VerveSampleProject] [kafka-producer-network-thread | VerveSampleProject-producer-1] org.apache.kafka.clients.NetworkClient   : [Producer clientId=VerveSampleProject-producer-1] Connection to node -1 (localhost/127.0.0.1:9092) could not be established. Node may not be available.
2024-09-23T00:01:38.967+02:00  WARN 57135 --- [VerveSampleProject] [kafka-producer-network-thread | VerveSampleProject-producer-1] org.apache.kafka.clients.NetworkClient   : [Producer clientId=VerveSampleProject-producer-1] Bootstrap broker localhost:9092 (id: -1 rack: null) disconnected
2024-09-23T00:01:39.991+02:00  INFO 57135 --- [VerveSampleProject] [kafka-producer-network-thread | VerveSampleProject-producer-1] org.apache.kafka.clients.NetworkClient   : [Producer clientId=VerveSampleProject-producer-1] Node -1 disconnected.
2024-09-23T00:01:39.991+02:00  WARN 57135 --- [VerveSampleProject] [kafka-producer-network-thread | VerveSampleProject-producer-1] org.apache.kafka.clients.NetworkClient   : [Producer clientId=VerveSampleProject-producer-1] Connection to node -1 (localhost/127.0.0.1:9092) could not be established. Node may not be available.
2024-09-23T00:01:39.992+02:00  WARN 57135 --- [VerveSampleProject] [kafka-producer-network-thread | VerveSampleProject-producer-1] org.apache.kafka.clients.NetworkClient   : [Producer clientId=VerveSampleProject-producer-1] Bootstrap broker localhost:9092 (id: -1 rack: null) disconnected
2024-09-23T00:01:40.865+02:00  INFO 57135 --- [VerveSampleProject] [kafka-producer-network-thread | VerveSampleProject-producer-1] org.apache.kafka.clients.NetworkClient   : [Producer clientId=VerveSampleProject-producer-1] Node -1 disconnected.
2024-09-23T00:01:40.866+02:00  WARN 57135 --- [VerveSampleProject] [kafka-producer-network-thread | VerveSampleProject-producer-1] org.apache.kafka.clients.NetworkClient   : [Producer clientId=VerveSampleProject-producer-1] Connection to node -1 (localhost/127.0.0.1:9092) could not be established. Node may not be available.
2024-09-23T00:01:40.866+02:00  WARN 57135 --- [VerveSampleProject] [kafka-producer-network-thread | VerveSampleProject-producer-1] org.apache.kafka.clients.NetworkClient   : [Producer clientId=VerveSampleProject-producer-1] Bootstrap broker localhost:9092 (id: -1 rack: null) disconnected
2024-09-23T00:01:41.912+02:00  INFO 57135 --- [VerveSampleProject] [kafka-producer-network-thread | VerveSampleProject-producer-1] org.apache.kafka.clients.NetworkClient   : [Producer clientId=VerveSampleProject-producer-1] Node -1 disconnected.
2024-09-23T00:01:41.913+02:00  WARN 57135 --- [VerveSampleProject] [kafka-producer-network-thread | VerveSampleProject-producer-1] org.apache.kafka.clients.NetworkClient   : [Producer clientId=VerveSampleProject-producer-1] Connection to node -1 (localhost/127.0.0.1:9092) could not be established. Node may not be available.
2024-09-23T00:01:41.913+02:00  WARN 57135 --- [VerveSampleProject] [kafka-producer-network-thread | VerveSampleProject-producer-1] org.apache.kafka.clients.NetworkClient   : [Producer clientId=VerveSampleProject-producer-1] Bootstrap broker localhost:9092 (id: -1 rack: null) disconnected
2024-09-23T00:01:42.915+02:00  INFO 57135 --- [VerveSampleProject] [kafka-producer-network-thread | VerveSampleProject-producer-1] org.apache.kafka.clients.NetworkClient   : [Producer clientId=VerveSampleProject-producer-1] Node -1 disconnected.
2024-09-23T00:01:42.915+02:00  WARN 57135 --- [VerveSampleProject] [kafka-producer-network-thread | VerveSampleProject-producer-1] org.apache.kafka.clients.NetworkClient   : [Producer clientId=VerveSampleProject-producer-1] Connection to node -1 (localhost/127.0.0.1:9092) could not be established. Node may not be available.
2024-09-23T00:01:42.916+02:00  WARN 57135 --- [VerveSampleProject] [kafka-producer-network-thread | VerveSampleProject-producer-1] org.apache.kafka.clients.NetworkClient   : [Producer clientId=VerveSampleProject-producer-1] Bootstrap broker localhost:9092 (id: -1 rack: null) disconnected
2024-09-23T00:01:43.941+02:00  INFO 57135 --- [VerveSampleProject] [kafka-producer-network-thread | VerveSampleProject-producer-1] org.apache.kafka.clients.NetworkClient   : [Producer clientId=VerveSampleProject-producer-1] Node -1 disconnected.
2024-09-23T00:01:43.941+02:00  WARN 57135 --- [VerveSampleProject] [kafka-producer-network-thread | VerveSampleProject-producer-1] org.apache.kafka.clients.NetworkClient   : [Producer clientId=VerveSampleProject-producer-1] Connection to node -1 (localhost/127.0.0.1:9092) could not be established. Node may not be available.
2024-09-23T00:01:43.942+02:00  WARN 57135 --- [VerveSampleProject] [kafka-producer-network-thread | VerveSampleProject-producer-1] org.apache.kafka.clients.NetworkClient   : [Producer clientId=VerveSampleProject-producer-1] Bootstrap broker localhost:9092 (id: -1 rack: null) disconnected
2024-09-23T00:01:44.968+02:00  INFO 57135 --- [VerveSampleProject] [kafka-producer-network-thread | VerveSampleProject-producer-1] org.apache.kafka.clients.NetworkClient   : [Producer clientId=VerveSampleProject-producer-1] Node -1 disconnected.
2024-09-23T00:01:44.969+02:00  WARN 57135 --- [VerveSampleProject] [kafka-producer-network-thread | VerveSampleProject-producer-1] org.apache.kafka.clients.NetworkClient   : [Producer clientId=VerveSampleProject-producer-1] Connection to node -1 (localhost/127.0.0.1:9092) could not be established. Node may not be available.
2024-09-23T00:01:44.969+02:00  WARN 57135 --- [VerveSampleProject] [kafka-producer-network-thread | VerveSampleProject-producer-1] org.apache.kafka.clients.NetworkClient   : [Producer clientId=VerveSampleProject-producer-1] Bootstrap broker localhost:9092 (id: -1 rack: null) disconnected
2024-09-23T00:01:45.841+02:00  INFO 57135 --- [VerveSampleProject] [kafka-producer-network-thread | VerveSampleProject-producer-1] org.apache.kafka.clients.NetworkClient   : [Producer clientId=VerveSampleProject-producer-1] Node -1 disconnected.
2024-09-23T00:01:45.841+02:00  WARN 57135 --- [VerveSampleProject] [kafka-producer-network-thread | VerveSampleProject-producer-1] org.apache.kafka.clients.NetworkClient   : [Producer clientId=VerveSampleProject-producer-1] Connection to node -1 (localhost/127.0.0.1:9092) could not be established. Node may not be available.
2024-09-23T00:01:45.841+02:00  WARN 57135 --- [VerveSampleProject] [kafka-producer-network-thread | VerveSampleProject-producer-1] org.apache.kafka.clients.NetworkClient   : [Producer clientId=VerveSampleProject-producer-1] Bootstrap broker localhost:9092 (id: -1 rack: null) disconnected
2024-09-23T00:01:46.209+02:00 ERROR 57135 --- [VerveSampleProject] [scheduling-1] o.s.k.support.LoggingProducerListener    : Exception thrown when sending a message with key='null' and payload='count: 0' to topic unique-requests-count:

org.apache.kafka.common.errors.TimeoutException: Topic unique-requests-count not present in metadata after 60000 ms.

2024-09-23T00:01:46.215+02:00 ERROR 57135 --- [VerveSampleProject] [scheduling-1] o.s.s.s.TaskUtils$LoggingErrorHandler    : Unexpected error occurred in scheduled task

org.springframework.kafka.KafkaException: Send failed
	at org.springframework.kafka.core.KafkaTemplate.doSend(KafkaTemplate.java:836) ~[spring-kafka-3.2.4.jar:3.2.4]
	at org.springframework.kafka.core.KafkaTemplate.observeSend(KafkaTemplate.java:793) ~[spring-kafka-3.2.4.jar:3.2.4]
	at org.springframework.kafka.core.KafkaTemplate.send(KafkaTemplate.java:570) ~[spring-kafka-3.2.4.jar:3.2.4]
	at com.verve.VerveSampleProject.api.KafkaMessagePublisher.publishMessage(KafkaMessagePublisher.java:14) ~[classes/:na]
	at com.verve.VerveSampleProject.api.controller.VerveSampleProjectController.logUniqueRequestsCount(VerveSampleProjectController.java:72) ~[classes/:na]
	at java.base/jdk.internal.reflect.DirectMethodHandleAccessor.invoke(DirectMethodHandleAccessor.java:103) ~[na:na]
	at java.base/java.lang.reflect.Method.invoke(Method.java:580) ~[na:na]
	at org.springframework.scheduling.support.ScheduledMethodRunnable.runInternal(ScheduledMethodRunnable.java:130) ~[spring-context-6.1.13.jar:6.1.13]
	at org.springframework.scheduling.support.ScheduledMethodRunnable.lambda$run$2(ScheduledMethodRunnable.java:124) ~[spring-context-6.1.13.jar:6.1.13]
	at io.micrometer.observation.Observation.observe(Observation.java:499) ~[micrometer-observation-1.13.4.jar:1.13.4]
	at org.springframework.scheduling.support.ScheduledMethodRunnable.run(ScheduledMethodRunnable.java:124) ~[spring-context-6.1.13.jar:6.1.13]
	at org.springframework.scheduling.support.DelegatingErrorHandlingRunnable.run(DelegatingErrorHandlingRunnable.java:54) ~[spring-context-6.1.13.jar:6.1.13]
	at java.base/java.util.concurrent.Executors$RunnableAdapter.call(Executors.java:572) ~[na:na]
	at java.base/java.util.concurrent.FutureTask.runAndReset(FutureTask.java:358) ~[na:na]
	at java.base/java.util.concurrent.ScheduledThreadPoolExecutor$ScheduledFutureTask.run(ScheduledThreadPoolExecutor.java:305) ~[na:na]
	at java.base/java.util.concurrent.ThreadPoolExecutor.runWorker(ThreadPoolExecutor.java:1144) ~[na:na]
	at java.base/java.util.concurrent.ThreadPoolExecutor$Worker.run(ThreadPoolExecutor.java:642) ~[na:na]
	at java.base/java.lang.Thread.run(Thread.java:1570) ~[na:na]
Caused by: org.apache.kafka.common.errors.TimeoutException: Topic unique-requests-count not present in metadata after 60000 ms.

2024-09-23T00:01:46.217+02:00  INFO 57135 --- [VerveSampleProject] [scheduling-1] c.v.V.a.c.VerveSampleProjectController   : The number of unique requests in past minute is 2
2024-09-23T00:01:46.882+02:00  INFO 57135 --- [VerveSampleProject] [kafka-producer-network-thread | VerveSampleProject-producer-1] org.apache.kafka.clients.NetworkClient   : [Producer clientId=VerveSampleProject-producer-1] Node -1 disconnected.
2024-09-23T00:01:46.882+02:00  WARN 57135 --- [VerveSampleProject] [kafka-producer-network-thread | VerveSampleProject-producer-1] org.apache.kafka.clients.NetworkClient   : [Producer clientId=VerveSampleProject-producer-1] Connection to node -1 (localhost/127.0.0.1:9092) could not be established. Node may not be available.
2024-09-23T00:01:46.882+02:00  WARN 57135 --- [VerveSampleProject] [kafka-producer-network-thread | VerveSampleProject-producer-1] org.apache.kafka.clients.NetworkClient   : [Producer clientId=VerveSampleProject-producer-1] Bootstrap broker localhost:9092 (id: -1 rack: null) disconnected
2024-09-23T00:01:47.798+02:00  INFO 57135 --- [VerveSampleProject] [kafka-producer-network-thread | VerveSampleProject-producer-1] org.apache.kafka.clients.NetworkClient   : [Producer clientId=VerveSampleProject-producer-1] Node -1 disconnected.
2024-09-23T00:01:47.799+02:00  WARN 57135 --- [VerveSampleProject] [kafka-producer-network-thread | VerveSampleProject-producer-1] org.apache.kafka.clients.NetworkClient   : [Producer clientId=VerveSampleProject-producer-1] Connection to node -1 (localhost/127.0.0.1:9092) could not be established. Node may not be available.
2024-09-23T00:01:47.799+02:00  WARN 57135 --- [VerveSampleProject] [kafka-producer-network-thread | VerveSampleProject-producer-1] org.apache.kafka.clients.NetworkClient   : [Producer clientId=VerveSampleProject-producer-1] Bootstrap broker localhost:9092 (id: -1 rack: null) disconnected
2024-09-23T00:01:48.769+02:00  INFO 57135 --- [VerveSampleProject] [kafka-producer-network-thread | VerveSampleProject-producer-1] org.apache.kafka.clients.NetworkClient   : [Producer clientId=VerveSampleProject-producer-1] Node -1 disconnected.
2024-09-23T00:01:48.770+02:00  WARN 57135 --- [VerveSampleProject] [kafka-producer-network-thread | VerveSampleProject-producer-1] org.apache.kafka.clients.NetworkClient   : [Producer clientId=VerveSampleProject-producer-1] Connection to node -1 (localhost/127.0.0.1:9092) could not be established. Node may not be available.
2024-09-23T00:01:48.770+02:00  WARN 57135 --- [VerveSampleProject] [kafka-producer-network-thread | VerveSampleProject-producer-1] org.apache.kafka.clients.NetworkClient   : [Producer clientId=VerveSampleProject-producer-1] Bootstrap broker localhost:9092 (id: -1 rack: null) disconnected
2024-09-23T00:01:49.771+02:00  INFO 57135 --- [VerveSampleProject] [kafka-producer-network-thread | VerveSampleProject-producer-1] org.apache.kafka.clients.NetworkClient   : [Producer clientId=VerveSampleProject-producer-1] Node -1 disconnected.
2024-09-23T00:01:49.772+02:00  WARN 57135 --- [VerveSampleProject] [kafka-producer-network-thread | VerveSampleProject-producer-1] org.apache.kafka.clients.NetworkClient   : [Producer clientId=VerveSampleProject-producer-1] Connection to node -1 (localhost/127.0.0.1:9092) could not be established. Node may not be available.
2024-09-23T00:01:49.772+02:00  WARN 57135 --- [VerveSampleProject] [kafka-producer-network-thread | VerveSampleProject-producer-1] org.apache.kafka.clients.NetworkClient   : [Producer clientId=VerveSampleProject-producer-1] Bootstrap broker localhost:9092 (id: -1 rack: null) disconnected
2024-09-23T00:01:50.813+02:00  INFO 57135 --- [VerveSampleProject] [kafka-producer-network-thread | VerveSampleProject-producer-1] org.apache.kafka.clients.NetworkClient   : [Producer clientId=VerveSampleProject-producer-1] Node -1 disconnected.
2024-09-23T00:01:50.814+02:00  WARN 57135 --- [VerveSampleProject] [kafka-producer-network-thread | VerveSampleProject-producer-1] org.apache.kafka.clients.NetworkClient   : [Producer clientId=VerveSampleProject-producer-1] Connection to node -1 (localhost/127.0.0.1:9092) could not be established. Node may not be available.
2024-09-23T00:01:50.814+02:00  WARN 57135 --- [VerveSampleProject] [kafka-producer-network-thread | VerveSampleProject-producer-1] org.apache.kafka.clients.NetworkClient   : [Producer clientId=VerveSampleProject-producer-1] Bootstrap broker localhost:9092 (id: -1 rack: null) disconnected
2024-09-23T00:01:51.681+02:00  INFO 57135 --- [VerveSampleProject] [kafka-producer-network-thread | VerveSampleProject-producer-1] org.apache.kafka.clients.NetworkClient   : [Producer clientId=VerveSampleProject-producer-1] Node -1 disconnected.
2024-09-23T00:01:51.681+02:00  WARN 57135 --- [VerveSampleProject] [kafka-producer-network-thread | VerveSampleProject-producer-1] org.apache.kafka.clients.NetworkClient   : [Producer clientId=VerveSampleProject-producer-1] Connection to node -1 (localhost/127.0.0.1:9092) could not be established. Node may not be available.
2024-09-23T00:01:51.681+02:00  WARN 57135 --- [VerveSampleProject] [kafka-producer-network-thread | VerveSampleProject-producer-1] org.apache.kafka.clients.NetworkClient   : [Producer clientId=VerveSampleProject-producer-1] Bootstrap broker localhost:9092 (id: -1 rack: null) disconnected
2024-09-23T00:01:52.684+02:00  INFO 57135 --- [VerveSampleProject] [kafka-producer-network-thread | VerveSampleProject-producer-1] org.apache.kafka.clients.NetworkClient   : [Producer clientId=VerveSampleProject-producer-1] Node -1 disconnected.
2024-09-23T00:01:52.685+02:00  WARN 57135 --- [VerveSampleProject] [kafka-producer-network-thread | VerveSampleProject-producer-1] org.apache.kafka.clients.NetworkClient   : [Producer clientId=VerveSampleProject-producer-1] Connection to node -1 (localhost/127.0.0.1:9092) could not be established. Node may not be available.
2024-09-23T00:01:52.685+02:00  WARN 57135 --- [VerveSampleProject] [kafka-producer-network-thread | VerveSampleProject-producer-1] org.apache.kafka.clients.NetworkClient   : [Producer clientId=VerveSampleProject-producer-1] Bootstrap broker localhost:9092 (id: -1 rack: null) disconnected
2024-09-23T00:01:53.608+02:00  INFO 57135 --- [VerveSampleProject] [kafka-producer-network-thread | VerveSampleProject-producer-1] org.apache.kafka.clients.NetworkClient   : [Producer clientId=VerveSampleProject-producer-1] Node -1 disconnected.
2024-09-23T00:01:53.609+02:00  WARN 57135 --- [VerveSampleProject] [kafka-producer-network-thread | VerveSampleProject-producer-1] org.apache.kafka.clients.NetworkClient   : [Producer clientId=VerveSampleProject-producer-1] Connection to node -1 (localhost/127.0.0.1:9092) could not be established. Node may not be available.
2024-09-23T00:01:53.609+02:00  WARN 57135 --- [VerveSampleProject] [kafka-producer-network-thread | VerveSampleProject-producer-1] org.apache.kafka.clients.NetworkClient   : [Producer clientId=VerveSampleProject-producer-1] Bootstrap broker localhost:9092 (id: -1 rack: null) disconnected
2024-09-23T00:01:54.429+02:00  INFO 57135 --- [VerveSampleProject] [kafka-producer-network-thread | VerveSampleProject-producer-1] org.apache.kafka.clients.NetworkClient   : [Producer clientId=VerveSampleProject-producer-1] Node -1 disconnected.
2024-09-23T00:01:54.430+02:00  WARN 57135 --- [VerveSampleProject] [kafka-producer-network-thread | VerveSampleProject-producer-1] org.apache.kafka.clients.NetworkClient   : [Producer clientId=VerveSampleProject-producer-1] Connection to node -1 (localhost/127.0.0.1:9092) could not be established. Node may not be available.
2024-09-23T00:01:54.430+02:00  WARN 57135 --- [VerveSampleProject] [kafka-producer-network-thread | VerveSampleProject-producer-1] org.apache.kafka.clients.NetworkClient   : [Producer clientId=VerveSampleProject-producer-1] Bootstrap broker localhost:9092 (id: -1 rack: null) disconnected
2024-09-23T00:01:55.454+02:00  INFO 57135 --- [VerveSampleProject] [kafka-producer-network-thread | VerveSampleProject-producer-1] org.apache.kafka.clients.NetworkClient   : [Producer clientId=VerveSampleProject-producer-1] Node -1 disconnected.
2024-09-23T00:01:55.454+02:00  WARN 57135 --- [VerveSampleProject] [kafka-producer-network-thread | VerveSampleProject-producer-1] org.apache.kafka.clients.NetworkClient   : [Producer clientId=VerveSampleProject-producer-1] Connection to node -1 (localhost/127.0.0.1:9092) could not be established. Node may not be available.
2024-09-23T00:01:55.455+02:00  WARN 57135 --- [VerveSampleProject] [kafka-producer-network-thread | VerveSampleProject-producer-1] org.apache.kafka.clients.NetworkClient   : [Producer clientId=VerveSampleProject-producer-1] Bootstrap broker localhost:9092 (id: -1 rack: null) disconnected
2024-09-23T00:01:56.455+02:00  INFO 57135 --- [VerveSampleProject] [kafka-producer-network-thread | VerveSampleProject-producer-1] org.apache.kafka.clients.NetworkClient   : [Producer clientId=VerveSampleProject-producer-1] Node -1 disconnected.
2024-09-23T00:01:56.456+02:00  WARN 57135 --- [VerveSampleProject] [kafka-producer-network-thread | VerveSampleProject-producer-1] org.apache.kafka.clients.NetworkClient   : [Producer clientId=VerveSampleProject-producer-1] Connection to node -1 (localhost/127.0.0.1:9092) could not be established. Node may not be available.
2024-09-23T00:01:56.456+02:00  WARN 57135 --- [VerveSampleProject] [kafka-producer-network-thread | VerveSampleProject-producer-1] org.apache.kafka.clients.NetworkClient   : [Producer clientId=VerveSampleProject-producer-1] Bootstrap broker localhost:9092 (id: -1 rack: null) disconnected
2024-09-23T00:01:57.325+02:00  INFO 57135 --- [VerveSampleProject] [kafka-producer-network-thread | VerveSampleProject-producer-1] org.apache.kafka.clients.NetworkClient   : [Producer clientId=VerveSampleProject-producer-1] Node -1 disconnected.
2024-09-23T00:01:57.326+02:00  WARN 57135 --- [VerveSampleProject] [kafka-producer-network-thread | VerveSampleProject-producer-1] org.apache.kafka.clients.NetworkClient   : [Producer clientId=VerveSampleProject-producer-1] Connection to node -1 (localhost/127.0.0.1:9092) could not be established. Node may not be available.
2024-09-23T00:01:57.326+02:00  WARN 57135 --- [VerveSampleProject] [kafka-producer-network-thread | VerveSampleProject-producer-1] org.apache.kafka.clients.NetworkClient   : [Producer clientId=VerveSampleProject-producer-1] Bootstrap broker localhost:9092 (id: -1 rack: null) disconnected
2024-09-23T00:01:58.326+02:00  INFO 57135 --- [VerveSampleProject] [kafka-producer-network-thread | VerveSampleProject-producer-1] org.apache.kafka.clients.NetworkClient   : [Producer clientId=VerveSampleProject-producer-1] Node -1 disconnected.
2024-09-23T00:01:58.326+02:00  WARN 57135 --- [VerveSampleProject] [kafka-producer-network-thread | VerveSampleProject-producer-1] org.apache.kafka.clients.NetworkClient   : [Producer clientId=VerveSampleProject-producer-1] Connection to node -1 (localhost/127.0.0.1:9092) could not be established. Node may not be available.
2024-09-23T00:01:58.326+02:00  WARN 57135 --- [VerveSampleProject] [kafka-producer-network-thread | VerveSampleProject-producer-1] org.apache.kafka.clients.NetworkClient   : [Producer clientId=VerveSampleProject-producer-1] Bootstrap broker localhost:9092 (id: -1 rack: null) disconnected
2024-09-23T00:01:59.362+02:00  INFO 57135 --- [VerveSampleProject] [kafka-producer-network-thread | VerveSampleProject-producer-1] org.apache.kafka.clients.NetworkClient   : [Producer clientId=VerveSampleProject-producer-1] Node -1 disconnected.
2024-09-23T00:01:59.363+02:00  WARN 57135 --- [VerveSampleProject] [kafka-producer-network-thread | VerveSampleProject-producer-1] org.apache.kafka.clients.NetworkClient   : [Producer clientId=VerveSampleProject-producer-1] Connection to node -1 (localhost/127.0.0.1:9092) could not be established. Node may not be available.
2024-09-23T00:01:59.363+02:00  WARN 57135 --- [VerveSampleProject] [kafka-producer-network-thread | VerveSampleProject-producer-1] org.apache.kafka.clients.NetworkClient   : [Producer clientId=VerveSampleProject-producer-1] Bootstrap broker localhost:9092 (id: -1 rack: null) disconnected
2024-09-23T00:02:00.384+02:00  INFO 57135 --- [VerveSampleProject] [kafka-producer-network-thread | VerveSampleProject-producer-1] org.apache.kafka.clients.NetworkClient   : [Producer clientId=VerveSampleProject-producer-1] Node -1 disconnected.
2024-09-23T00:02:00.385+02:00  WARN 57135 --- [VerveSampleProject] [kafka-producer-network-thread | VerveSampleProject-producer-1] org.apache.kafka.clients.NetworkClient   : [Producer clientId=VerveSampleProject-producer-1] Connection to node -1 (localhost/127.0.0.1:9092) could not be established. Node may not be available.
2024-09-23T00:02:00.385+02:00  WARN 57135 --- [VerveSampleProject] [kafka-producer-network-thread | VerveSampleProject-producer-1] org.apache.kafka.clients.NetworkClient   : [Producer clientId=VerveSampleProject-producer-1] Bootstrap broker localhost:9092 (id: -1 rack: null) disconnected
2024-09-23T00:02:01.406+02:00  INFO 57135 --- [VerveSampleProject] [kafka-producer-network-thread | VerveSampleProject-producer-1] org.apache.kafka.clients.NetworkClient   : [Producer clientId=VerveSampleProject-producer-1] Node -1 disconnected.
2024-09-23T00:02:01.406+02:00  WARN 57135 --- [VerveSampleProject] [kafka-producer-network-thread | VerveSampleProject-producer-1] org.apache.kafka.clients.NetworkClient   : [Producer clientId=VerveSampleProject-producer-1] Connection to node -1 (localhost/127.0.0.1:9092) could not be established. Node may not be available.
2024-09-23T00:02:01.406+02:00  WARN 57135 --- [VerveSampleProject] [kafka-producer-network-thread | VerveSampleProject-producer-1] org.apache.kafka.clients.NetworkClient   : [Producer clientId=VerveSampleProject-producer-1] Bootstrap broker localhost:9092 (id: -1 rack: null) disconnected
2024-09-23T00:02:02.423+02:00  INFO 57135 --- [VerveSampleProject] [kafka-producer-network-thread | VerveSampleProject-producer-1] org.apache.kafka.clients.NetworkClient   : [Producer clientId=VerveSampleProject-producer-1] Node -1 disconnected.
2024-09-23T00:02:02.423+02:00  WARN 57135 --- [VerveSampleProject] [kafka-producer-network-thread | VerveSampleProject-producer-1] org.apache.kafka.clients.NetworkClient   : [Producer clientId=VerveSampleProject-producer-1] Connection to node -1 (localhost/127.0.0.1:9092) could not be established. Node may not be available.
2024-09-23T00:02:02.423+02:00  WARN 57135 --- [VerveSampleProject] [kafka-producer-network-thread | VerveSampleProject-producer-1] org.apache.kafka.clients.NetworkClient   : [Producer clientId=VerveSampleProject-producer-1] Bootstrap broker localhost:9092 (id: -1 rack: null) disconnected
2024-09-23T00:02:03.424+02:00  INFO 57135 --- [VerveSampleProject] [kafka-producer-network-thread | VerveSampleProject-producer-1] org.apache.kafka.clients.NetworkClient   : [Producer clientId=VerveSampleProject-producer-1] Node -1 disconnected.
2024-09-23T00:02:03.424+02:00  WARN 57135 --- [VerveSampleProject] [kafka-producer-network-thread | VerveSampleProject-producer-1] org.apache.kafka.clients.NetworkClient   : [Producer clientId=VerveSampleProject-producer-1] Connection to node -1 (localhost/127.0.0.1:9092) could not be established. Node may not be available.
2024-09-23T00:02:03.425+02:00  WARN 57135 --- [VerveSampleProject] [kafka-producer-network-thread | VerveSampleProject-producer-1] org.apache.kafka.clients.NetworkClient   : [Producer clientId=VerveSampleProject-producer-1] Bootstrap broker localhost:9092 (id: -1 rack: null) disconnected
2024-09-23T00:02:04.446+02:00  INFO 57135 --- [VerveSampleProject] [kafka-producer-network-thread | VerveSampleProject-producer-1] org.apache.kafka.clients.NetworkClient   : [Producer clientId=VerveSampleProject-producer-1] Node -1 disconnected.
2024-09-23T00:02:04.447+02:00  WARN 57135 --- [VerveSampleProject] [kafka-producer-network-thread | VerveSampleProject-producer-1] org.apache.kafka.clients.NetworkClient   : [Producer clientId=VerveSampleProject-producer-1] Connection to node -1 (localhost/127.0.0.1:9092) could not be established. Node may not be available.
2024-09-23T00:02:04.447+02:00  WARN 57135 --- [VerveSampleProject] [kafka-producer-network-thread | VerveSampleProject-producer-1] org.apache.kafka.clients.NetworkClient   : [Producer clientId=VerveSampleProject-producer-1] Bootstrap broker localhost:9092 (id: -1 rack: null) disconnected
2024-09-23T00:02:05.470+02:00  INFO 57135 --- [VerveSampleProject] [kafka-producer-network-thread | VerveSampleProject-producer-1] org.apache.kafka.clients.NetworkClient   : [Producer clientId=VerveSampleProject-producer-1] Node -1 disconnected.
2024-09-23T00:02:05.470+02:00  WARN 57135 --- [VerveSampleProject] [kafka-producer-network-thread | VerveSampleProject-producer-1] org.apache.kafka.clients.NetworkClient   : [Producer clientId=VerveSampleProject-producer-1] Connection to node -1 (localhost/127.0.0.1:9092) could not be established. Node may not be available.
2024-09-23T00:02:05.471+02:00  WARN 57135 --- [VerveSampleProject] [kafka-producer-network-thread | VerveSampleProject-producer-1] org.apache.kafka.clients.NetworkClient   : [Producer clientId=VerveSampleProject-producer-1] Bootstrap broker localhost:9092 (id: -1 rack: null) disconnected
2024-09-23T00:02:06.336+02:00  INFO 57135 --- [VerveSampleProject] [kafka-producer-network-thread | VerveSampleProject-producer-1] org.apache.kafka.clients.NetworkClient   : [Producer clientId=VerveSampleProject-producer-1] Node -1 disconnected.
2024-09-23T00:02:06.337+02:00  WARN 57135 --- [VerveSampleProject] [kafka-producer-network-thread | VerveSampleProject-producer-1] org.apache.kafka.clients.NetworkClient   : [Producer clientId=VerveSampleProject-producer-1] Connection to node -1 (localhost/127.0.0.1:9092) could not be established. Node may not be available.
2024-09-23T00:02:06.337+02:00  WARN 57135 --- [VerveSampleProject] [kafka-producer-network-thread | VerveSampleProject-producer-1] org.apache.kafka.clients.NetworkClient   : [Producer clientId=VerveSampleProject-producer-1] Bootstrap broker localhost:9092 (id: -1 rack: null) disconnected
2024-09-23T00:02:07.339+02:00  INFO 57135 --- [VerveSampleProject] [kafka-producer-network-thread | VerveSampleProject-producer-1] org.apache.kafka.clients.NetworkClient   : [Producer clientId=VerveSampleProject-producer-1] Node -1 disconnected.
2024-09-23T00:02:07.340+02:00  WARN 57135 --- [VerveSampleProject] [kafka-producer-network-thread | VerveSampleProject-producer-1] org.apache.kafka.clients.NetworkClient   : [Producer clientId=VerveSampleProject-producer-1] Connection to node -1 (localhost/127.0.0.1:9092) could not be established. Node may not be available.
2024-09-23T00:02:07.340+02:00  WARN 57135 --- [VerveSampleProject] [kafka-producer-network-thread | VerveSampleProject-producer-1] org.apache.kafka.clients.NetworkClient   : [Producer clientId=VerveSampleProject-producer-1] Bootstrap broker localhost:9092 (id: -1 rack: null) disconnected
2024-09-23T00:02:08.342+02:00  INFO 57135 --- [VerveSampleProject] [kafka-producer-network-thread | VerveSampleProject-producer-1] org.apache.kafka.clients.NetworkClient   : [Producer clientId=VerveSampleProject-producer-1] Node -1 disconnected.
2024-09-23T00:02:08.342+02:00  WARN 57135 --- [VerveSampleProject] [kafka-producer-network-thread | VerveSampleProject-producer-1] org.apache.kafka.clients.NetworkClient   : [Producer clientId=VerveSampleProject-producer-1] Connection to node -1 (localhost/127.0.0.1:9092) could not be established. Node may not be available.
2024-09-23T00:02:08.343+02:00  WARN 57135 --- [VerveSampleProject] [kafka-producer-network-thread | VerveSampleProject-producer-1] org.apache.kafka.clients.NetworkClient   : [Producer clientId=VerveSampleProject-producer-1] Bootstrap broker localhost:9092 (id: -1 rack: null) disconnected
2024-09-23T00:02:09.344+02:00  INFO 57135 --- [VerveSampleProject] [kafka-producer-network-thread | VerveSampleProject-producer-1] org.apache.kafka.clients.NetworkClient   : [Producer clientId=VerveSampleProject-producer-1] Node -1 disconnected.
2024-09-23T00:02:09.344+02:00  WARN 57135 --- [VerveSampleProject] [kafka-producer-network-thread | VerveSampleProject-producer-1] org.apache.kafka.clients.NetworkClient   : [Producer clientId=VerveSampleProject-producer-1] Connection to node -1 (localhost/127.0.0.1:9092) could not be established. Node may not be available.
2024-09-23T00:02:09.344+02:00  WARN 57135 --- [VerveSampleProject] [kafka-producer-network-thread | VerveSampleProject-producer-1] org.apache.kafka.clients.NetworkClient   : [Producer clientId=VerveSampleProject-producer-1] Bootstrap broker localhost:9092 (id: -1 rack: null) disconnected
2024-09-23T00:02:10.319+02:00  INFO 57135 --- [VerveSampleProject] [kafka-producer-network-thread | VerveSampleProject-producer-1] org.apache.kafka.clients.NetworkClient   : [Producer clientId=VerveSampleProject-producer-1] Node -1 disconnected.
2024-09-23T00:02:10.319+02:00  WARN 57135 --- [VerveSampleProject] [kafka-producer-network-thread | VerveSampleProject-producer-1] org.apache.kafka.clients.NetworkClient   : [Producer clientId=VerveSampleProject-producer-1] Connection to node -1 (localhost/127.0.0.1:9092) could not be established. Node may not be available.
2024-09-23T00:02:10.320+02:00  WARN 57135 --- [VerveSampleProject] [kafka-producer-network-thread | VerveSampleProject-producer-1] org.apache.kafka.clients.NetworkClient   : [Producer clientId=VerveSampleProject-producer-1] Bootstrap broker localhost:9092 (id: -1 rack: null) disconnected
2024-09-23T00:02:11.343+02:00  INFO 57135 --- [VerveSampleProject] [kafka-producer-network-thread | VerveSampleProject-producer-1] org.apache.kafka.clients.NetworkClient   : [Producer clientId=VerveSampleProject-producer-1] Node -1 disconnected.
2024-09-23T00:02:11.344+02:00  WARN 57135 --- [VerveSampleProject] [kafka-producer-network-thread | VerveSampleProject-producer-1] org.apache.kafka.clients.NetworkClient   : [Producer clientId=VerveSampleProject-producer-1] Connection to node -1 (localhost/127.0.0.1:9092) could not be established. Node may not be available.
2024-09-23T00:02:11.344+02:00  WARN 57135 --- [VerveSampleProject] [kafka-producer-network-thread | VerveSampleProject-producer-1] org.apache.kafka.clients.NetworkClient   : [Producer clientId=VerveSampleProject-producer-1] Bootstrap broker localhost:9092 (id: -1 rack: null) disconnected
2024-09-23T00:02:12.209+02:00  INFO 57135 --- [VerveSampleProject] [kafka-producer-network-thread | VerveSampleProject-producer-1] org.apache.kafka.clients.NetworkClient   : [Producer clientId=VerveSampleProject-producer-1] Node -1 disconnected.
2024-09-23T00:02:12.209+02:00  WARN 57135 --- [VerveSampleProject] [kafka-producer-network-thread | VerveSampleProject-producer-1] org.apache.kafka.clients.NetworkClient   : [Producer clientId=VerveSampleProject-producer-1] Connection to node -1 (localhost/127.0.0.1:9092) could not be established. Node may not be available.
2024-09-23T00:02:12.209+02:00  WARN 57135 --- [VerveSampleProject] [kafka-producer-network-thread | VerveSampleProject-producer-1] org.apache.kafka.clients.NetworkClient   : [Producer clientId=VerveSampleProject-producer-1] Bootstrap broker localhost:9092 (id: -1 rack: null) disconnected
2024-09-23T00:02:13.133+02:00  INFO 57135 --- [VerveSampleProject] [kafka-producer-network-thread | VerveSampleProject-producer-1] org.apache.kafka.clients.NetworkClient   : [Producer clientId=VerveSampleProject-producer-1] Node -1 disconnected.
2024-09-23T00:02:13.133+02:00  WARN 57135 --- [VerveSampleProject] [kafka-producer-network-thread | VerveSampleProject-producer-1] org.apache.kafka.clients.NetworkClient   : [Producer clientId=VerveSampleProject-producer-1] Connection to node -1 (localhost/127.0.0.1:9092) could not be established. Node may not be available.
2024-09-23T00:02:13.133+02:00  WARN 57135 --- [VerveSampleProject] [kafka-producer-network-thread | VerveSampleProject-producer-1] org.apache.kafka.clients.NetworkClient   : [Producer clientId=VerveSampleProject-producer-1] Bootstrap broker localhost:9092 (id: -1 rack: null) disconnected
2024-09-23T00:02:14.159+02:00  INFO 57135 --- [VerveSampleProject] [kafka-producer-network-thread | VerveSampleProject-producer-1] org.apache.kafka.clients.NetworkClient   : [Producer clientId=VerveSampleProject-producer-1] Node -1 disconnected.
2024-09-23T00:02:14.160+02:00  WARN 57135 --- [VerveSampleProject] [kafka-producer-network-thread | VerveSampleProject-producer-1] org.apache.kafka.clients.NetworkClient   : [Producer clientId=VerveSampleProject-producer-1] Connection to node -1 (localhost/127.0.0.1:9092) could not be established. Node may not be available.
2024-09-23T00:02:14.160+02:00  WARN 57135 --- [VerveSampleProject] [kafka-producer-network-thread | VerveSampleProject-producer-1] org.apache.kafka.clients.NetworkClient   : [Producer clientId=VerveSampleProject-producer-1] Bootstrap broker localhost:9092 (id: -1 rack: null) disconnected
2024-09-23T00:02:15.039+02:00  INFO 57135 --- [VerveSampleProject] [kafka-producer-network-thread | VerveSampleProject-producer-1] org.apache.kafka.clients.NetworkClient   : [Producer clientId=VerveSampleProject-producer-1] Node -1 disconnected.
2024-09-23T00:02:15.040+02:00  WARN 57135 --- [VerveSampleProject] [kafka-producer-network-thread | VerveSampleProject-producer-1] org.apache.kafka.clients.NetworkClient   : [Producer clientId=VerveSampleProject-producer-1] Connection to node -1 (localhost/127.0.0.1:9092) could not be established. Node may not be available.
2024-09-23T00:02:15.040+02:00  WARN 57135 --- [VerveSampleProject] [kafka-producer-network-thread | VerveSampleProject-producer-1] org.apache.kafka.clients.NetworkClient   : [Producer clientId=VerveSampleProject-producer-1] Bootstrap broker localhost:9092 (id: -1 rack: null) disconnected
2024-09-23T00:02:16.010+02:00  INFO 57135 --- [VerveSampleProject] [kafka-producer-network-thread | VerveSampleProject-producer-1] org.apache.kafka.clients.NetworkClient   : [Producer clientId=VerveSampleProject-producer-1] Node -1 disconnected.
2024-09-23T00:02:16.010+02:00  WARN 57135 --- [VerveSampleProject] [kafka-producer-network-thread | VerveSampleProject-producer-1] org.apache.kafka.clients.NetworkClient   : [Producer clientId=VerveSampleProject-producer-1] Connection to node -1 (localhost/127.0.0.1:9092) could not be established. Node may not be available.
2024-09-23T00:02:16.010+02:00  WARN 57135 --- [VerveSampleProject] [kafka-producer-network-thread | VerveSampleProject-producer-1] org.apache.kafka.clients.NetworkClient   : [Producer clientId=VerveSampleProject-producer-1] Bootstrap broker localhost:9092 (id: -1 rack: null) disconnected
2024-09-23T00:02:17.036+02:00  INFO 57135 --- [VerveSampleProject] [kafka-producer-network-thread | VerveSampleProject-producer-1] org.apache.kafka.clients.NetworkClient   : [Producer clientId=VerveSampleProject-producer-1] Node -1 disconnected.
2024-09-23T00:02:17.036+02:00  WARN 57135 --- [VerveSampleProject] [kafka-producer-network-thread | VerveSampleProject-producer-1] org.apache.kafka.clients.NetworkClient   : [Producer clientId=VerveSampleProject-producer-1] Connection to node -1 (localhost/127.0.0.1:9092) could not be established. Node may not be available.
2024-09-23T00:02:17.036+02:00  WARN 57135 --- [VerveSampleProject] [kafka-producer-network-thread | VerveSampleProject-producer-1] org.apache.kafka.clients.NetworkClient   : [Producer clientId=VerveSampleProject-producer-1] Bootstrap broker localhost:9092 (id: -1 rack: null) disconnected
2024-09-23T00:02:18.057+02:00  INFO 57135 --- [VerveSampleProject] [kafka-producer-network-thread | VerveSampleProject-producer-1] org.apache.kafka.clients.NetworkClient   : [Producer clientId=VerveSampleProject-producer-1] Node -1 disconnected.
2024-09-23T00:02:18.057+02:00  WARN 57135 --- [VerveSampleProject] [kafka-producer-network-thread | VerveSampleProject-producer-1] org.apache.kafka.clients.NetworkClient   : [Producer clientId=VerveSampleProject-producer-1] Connection to node -1 (localhost/127.0.0.1:9092) could not be established. Node may not be available.
2024-09-23T00:02:18.057+02:00  WARN 57135 --- [VerveSampleProject] [kafka-producer-network-thread | VerveSampleProject-producer-1] org.apache.kafka.clients.NetworkClient   : [Producer clientId=VerveSampleProject-producer-1] Bootstrap broker localhost:9092 (id: -1 rack: null) disconnected
2024-09-23T00:02:19.079+02:00  INFO 57135 --- [VerveSampleProject] [kafka-producer-network-thread | VerveSampleProject-producer-1] org.apache.kafka.clients.NetworkClient   : [Producer clientId=VerveSampleProject-producer-1] Node -1 disconnected.
2024-09-23T00:02:19.080+02:00  WARN 57135 --- [VerveSampleProject] [kafka-producer-network-thread | VerveSampleProject-producer-1] org.apache.kafka.clients.NetworkClient   : [Producer clientId=VerveSampleProject-producer-1] Connection to node -1 (localhost/127.0.0.1:9092) could not be established. Node may not be available.
2024-09-23T00:02:19.080+02:00  WARN 57135 --- [VerveSampleProject] [kafka-producer-network-thread | VerveSampleProject-producer-1] org.apache.kafka.clients.NetworkClient   : [Producer clientId=VerveSampleProject-producer-1] Bootstrap broker localhost:9092 (id: -1 rack: null) disconnected
2024-09-23T00:02:19.973+02:00  INFO 57135 --- [VerveSampleProject] [kafka-producer-network-thread | VerveSampleProject-producer-1] org.apache.kafka.clients.NetworkClient   : [Producer clientId=VerveSampleProject-producer-1] Node -1 disconnected.
2024-09-23T00:02:19.974+02:00  WARN 57135 --- [VerveSampleProject] [kafka-producer-network-thread | VerveSampleProject-producer-1] org.apache.kafka.clients.NetworkClient   : [Producer clientId=VerveSampleProject-producer-1] Connection to node -1 (localhost/127.0.0.1:9092) could not be established. Node may not be available.
2024-09-23T00:02:19.974+02:00  WARN 57135 --- [VerveSampleProject] [kafka-producer-network-thread | VerveSampleProject-producer-1] org.apache.kafka.clients.NetworkClient   : [Producer clientId=VerveSampleProject-producer-1] Bootstrap broker localhost:9092 (id: -1 rack: null) disconnected
2024-09-23T00:02:20.897+02:00  INFO 57135 --- [VerveSampleProject] [kafka-producer-network-thread | VerveSampleProject-producer-1] org.apache.kafka.clients.NetworkClient   : [Producer clientId=VerveSampleProject-producer-1] Node -1 disconnected.
2024-09-23T00:02:20.898+02:00  WARN 57135 --- [VerveSampleProject] [kafka-producer-network-thread | VerveSampleProject-producer-1] org.apache.kafka.clients.NetworkClient   : [Producer clientId=VerveSampleProject-producer-1] Connection to node -1 (localhost/127.0.0.1:9092) could not be established. Node may not be available.
2024-09-23T00:02:20.898+02:00  WARN 57135 --- [VerveSampleProject] [kafka-producer-network-thread | VerveSampleProject-producer-1] org.apache.kafka.clients.NetworkClient   : [Producer clientId=VerveSampleProject-producer-1] Bootstrap broker localhost:9092 (id: -1 rack: null) disconnected
